<?xml version="1.0" encoding="UTF-8"?>
<testng-results skipped="9" failed="0" ignored="2" total="11" passed="0">
  <reporter-output>
  </reporter-output>
  <suite name="Regression Test" duration-ms="68747" started-at="2018-03-26T12:15:50Z" finished-at="2018-03-26T12:16:59Z">
    <groups>
    </groups>
    <test name="soYou" duration-ms="68747" started-at="2018-03-26T12:15:50Z" finished-at="2018-03-26T12:16:59Z">
      <class name="TestSc.welcomescreen">
        <test-method status="PASS" signature="beforeSuite(java.lang.String)[pri:0, instance:TestSc.welcomescreen@7b9a4292]" name="beforeSuite" is-config="true" duration-ms="7270" started-at="2018-03-26T17:45:43Z" finished-at="2018-03-26T17:45:50Z">
          <params>
            <param index="0">
              <value>
                <![CDATA[soYou]]>
              </value>
            </param>
          </params>
          <reporter-output>
          </reporter-output>
        </test-method> <!-- beforeSuite -->
        <test-method status="FAIL" signature="beforeClass(java.lang.String, java.lang.String, java.lang.String, java.lang.String, java.lang.String, java.lang.String, java.lang.String, java.lang.String, java.lang.String, java.lang.String, java.lang.String, java.lang.String, java.lang.String, java.lang.String, java.lang.String, java.lang.String, java.lang.String, java.lang.String, java.lang.String, java.lang.String, java.lang.String, java.lang.String, java.lang.String, java.lang.String, java.lang.String, java.lang.String, java.lang.String, java.lang.String)[pri:0, instance:TestSc.welcomescreen@7b9a4292]" name="beforeClass" is-config="true" duration-ms="67856" started-at="2018-03-26T17:45:50Z" finished-at="2018-03-26T17:46:58Z">
          <params>
            <param index="0">
              <value>
                <![CDATA[iOS]]>
              </value>
            </param>
            <param index="1">
              <value>
                <![CDATA[default]]>
              </value>
            </param>
            <param index="2">
              <value>
                <![CDATA[default]]>
              </value>
            </param>
            <param index="3">
              <value>
                <![CDATA[default]]>
              </value>
            </param>
            <param index="4">
              <value>
                <![CDATA[default]]>
              </value>
            </param>
            <param index="5">
              <value>
                <![CDATA[default]]>
              </value>
            </param>
            <param index="6">
              <value>
                <![CDATA[true]]>
              </value>
            </param>
            <param index="7">
              <value>
                <![CDATA[default]]>
              </value>
            </param>
            <param index="8">
              <value>
                <![CDATA[testserver]]>
              </value>
            </param>
            <param index="9">
              <value>
                <![CDATA[Default]]>
              </value>
            </param>
            <param index="10">
              <value>
                <![CDATA[iOS]]>
              </value>
            </param>
            <param index="11">
              <value>
                <![CDATA[11.1.2]]>
              </value>
            </param>
            <param index="12">
              <value>
                <![CDATA[iPhone]]>
              </value>
            </param>
            <param index="13">
              <value>
                <![CDATA[/Users/anshulharinkhere/Library/Developer/Xcode/DerivedData/SoYou-dobzstlzhtfwkjdvgccohyhwlqfc/Build/Products/Debug-iphoneos/SoYou.app]]>
              </value>
            </param>
            <param index="14">
              <value>
                <![CDATA[false]]>
              </value>
            </param>
            <param index="15">
              <value>
                <![CDATA[0c4d88ae8ffeaac0a58b59b9f7d2a9788488203d]]>
              </value>
            </param>
            <param index="16">
              <value>
                <![CDATA[XCUITest]]>
              </value>
            </param>
            <param index="17">
              <value>
                <![CDATA[com.joyn.soyou]]>
              </value>
            </param>
            <param index="18">
              <value>
                <![CDATA[testserver]]>
              </value>
            </param>
            <param index="19">
              <value>
                <![CDATA[/usr/local/lib/node_modules/appium/node_modules/appium-xcuitest-driver/WebDriverAgent/WebDriverAgent.xcodeproj]]>
              </value>
            </param>
            <param index="20">
              <value>
                <![CDATA[/usr/local/lib/node_modules/appium/node_modules/appium-xcuitest-driver/WebDriverAgent]]>
              </value>
            </param>
            <param index="21">
              <value>
                <![CDATA[Default]]>
              </value>
            </param>
            <param index="22">
              <value>
                <![CDATA[Default]]>
              </value>
            </param>
            <param index="23">
              <value>
                <![CDATA[true]]>
              </value>
            </param>
            <param index="24">
              <value>
                <![CDATA[V862VGVUC2]]>
              </value>
            </param>
            <param index="25">
              <value>
                <![CDATA[/Users/anshulharinkhere/Library/Developer/Xcode/DerivedData/SoYou-dobzstlzhtfwkjdvgccohyhwlqfc/Build/Products/Debug-iphoneos/SoYou.app]]>
              </value>
            </param>
            <param index="26">
              <value>
                <![CDATA[Default]]>
              </value>
            </param>
            <param index="27">
              <value>
                <![CDATA[Default]]>
              </value>
            </param>
          </params>
          <exception class="org.openqa.selenium.SessionNotCreatedException">
            <message>
              <![CDATA[Unable to create new remote session. desired capabilities = Capabilities [{app=/Users/anshulharinkhere/Library/Developer/Xcode/DerivedData/SoYou-dobzstlzhtfwkjdvgccohyhwlqfc/Build/Products/Debug-iphoneos/SoYou.app, noReset=false, xcodeOrgId=V862VGVUC2, bundleId=com.joyn.soyou, deviceName=iPhone, xcodeSigningId=Default, agentPath=/usr/local/lib/node_modules/appium/node_modules/appium-xcuitest-driver/WebDriverAgent/WebDriverAgent.xcodeproj, bootstrapPath=/usr/local/lib/node_modules/appium/node_modules/appium-xcuitest-driver/WebDriverAgent, platformVersion=11.1.2, automationName=XCUITest, useNewWDA=true, platformName=iOS, udid=0c4d88ae8ffeaac0a58b59b9f7d2a9788488203d, autoAcceptAlerts=true}], required capabilities = Capabilities [{}]
Build info: version: '3.3.1', revision: '5234b325d5', time: '2017-03-10 09:10:29 +0000'
System info: host: 'Anshuls-MacBook-Pro.local', ip: 'fe80:0:0:0:849:640d:bfc5:a48d%en0', os.name: 'Mac OS X', os.arch: 'x86_64', os.version: '10.12.6', java.version: '1.8.0_131'
Driver info: driver.version: IOSDriver]]>
            </message>
            <full-stacktrace>
              <![CDATA[org.openqa.selenium.SessionNotCreatedException: Unable to create new remote session. desired capabilities = Capabilities [{app=/Users/anshulharinkhere/Library/Developer/Xcode/DerivedData/SoYou-dobzstlzhtfwkjdvgccohyhwlqfc/Build/Products/Debug-iphoneos/SoYou.app, noReset=false, xcodeOrgId=V862VGVUC2, bundleId=com.joyn.soyou, deviceName=iPhone, xcodeSigningId=Default, agentPath=/usr/local/lib/node_modules/appium/node_modules/appium-xcuitest-driver/WebDriverAgent/WebDriverAgent.xcodeproj, bootstrapPath=/usr/local/lib/node_modules/appium/node_modules/appium-xcuitest-driver/WebDriverAgent, platformVersion=11.1.2, automationName=XCUITest, useNewWDA=true, platformName=iOS, udid=0c4d88ae8ffeaac0a58b59b9f7d2a9788488203d, autoAcceptAlerts=true}], required capabilities = Capabilities [{}]
Build info: version: '3.3.1', revision: '5234b325d5', time: '2017-03-10 09:10:29 +0000'
System info: host: 'Anshuls-MacBook-Pro.local', ip: 'fe80:0:0:0:849:640d:bfc5:a48d%en0', os.name: 'Mac OS X', os.arch: 'x86_64', os.version: '10.12.6', java.version: '1.8.0_131'
Driver info: driver.version: IOSDriver
	at io.appium.java_client.remote.AppiumProtocolHandShake.lambda$1(AppiumProtocolHandShake.java:96)
	at java.util.Optional.orElseThrow(Optional.java:290)
	at io.appium.java_client.remote.AppiumProtocolHandShake.createSession(AppiumProtocolHandShake.java:96)
	at io.appium.java_client.remote.AppiumCommandExecutor.doExecute(AppiumCommandExecutor.java:111)
	at io.appium.java_client.remote.AppiumCommandExecutor.execute(AppiumCommandExecutor.java:162)
	at org.openqa.selenium.remote.RemoteWebDriver.execute(RemoteWebDriver.java:604)
	at io.appium.java_client.DefaultGenericMobileDriver.execute(DefaultGenericMobileDriver.java:42)
	at io.appium.java_client.AppiumDriver.execute(AppiumDriver.java:1)
	at io.appium.java_client.ios.IOSDriver.execute(IOSDriver.java:1)
	at org.openqa.selenium.remote.RemoteWebDriver.startSession(RemoteWebDriver.java:244)
	at org.openqa.selenium.remote.RemoteWebDriver.<init>(RemoteWebDriver.java:131)
	at org.openqa.selenium.remote.RemoteWebDriver.<init>(RemoteWebDriver.java:144)
	at io.appium.java_client.DefaultGenericMobileDriver.<init>(DefaultGenericMobileDriver.java:38)
	at io.appium.java_client.AppiumDriver.<init>(AppiumDriver.java:88)
	at io.appium.java_client.AppiumDriver.<init>(AppiumDriver.java:112)
	at io.appium.java_client.ios.IOSDriver.<init>(IOSDriver.java:78)
	at com.framework.internal.feature.AppiumDriverFactory.getDriveriOS(AppiumDriverFactory.java:73)
	at com.framework.internal.feature.AppiumDriverInitializer.getAppiumDriverios(AppiumDriverInitializer.java:14)
	at com.framework.internal.feature.AppInitializer.beforeClass(AppInitializer.java:86)
	at sun.reflect.NativeMethodAccessorImpl.invoke0(Native Method)
	at sun.reflect.NativeMethodAccessorImpl.invoke(NativeMethodAccessorImpl.java:62)
	at sun.reflect.DelegatingMethodAccessorImpl.invoke(DelegatingMethodAccessorImpl.java:43)
	at java.lang.reflect.Method.invoke(Method.java:498)
	at org.testng.internal.MethodInvocationHelper.invokeMethod(MethodInvocationHelper.java:108)
	at org.testng.internal.Invoker.invokeConfigurationMethod(Invoker.java:523)
	at org.testng.internal.Invoker.invokeConfigurations(Invoker.java:224)
	at org.testng.internal.Invoker.invokeConfigurations(Invoker.java:146)
	at org.testng.internal.TestMethodWorker.invokeBeforeClassMethods(TestMethodWorker.java:166)
	at org.testng.internal.TestMethodWorker.run(TestMethodWorker.java:105)
	at org.testng.TestRunner.privateRun(TestRunner.java:744)
	at org.testng.TestRunner.run(TestRunner.java:602)
	at org.testng.SuiteRunner.runTest(SuiteRunner.java:380)
	at org.testng.SuiteRunner.runSequentially(SuiteRunner.java:375)
	at org.testng.SuiteRunner.privateRun(SuiteRunner.java:340)
	at org.testng.SuiteRunner.run(SuiteRunner.java:289)
	at org.testng.SuiteRunnerWorker.runSuite(SuiteRunnerWorker.java:52)
	at org.testng.SuiteRunnerWorker.run(SuiteRunnerWorker.java:86)
	at org.testng.TestNG.runSuitesSequentially(TestNG.java:1301)
	at org.testng.TestNG.runSuitesLocally(TestNG.java:1226)
	at org.testng.TestNG.runSuites(TestNG.java:1144)
	at org.testng.TestNG.run(TestNG.java:1115)
	at org.testng.remote.AbstractRemoteTestNG.run(AbstractRemoteTestNG.java:132)
	at org.testng.remote.RemoteTestNG.initAndRun(RemoteTestNG.java:230)
	at org.testng.remote.RemoteTestNG.main(RemoteTestNG.java:76)
]]>
            </full-stacktrace>
          </exception> <!-- org.openqa.selenium.SessionNotCreatedException -->
          <reporter-output>
          </reporter-output>
        </test-method> <!-- beforeClass -->
        <test-method status="SKIP" signature="beforeMethod(java.lang.reflect.Method, java.lang.String)[pri:0, instance:TestSc.welcomescreen@7b9a4292]" name="beforeMethod" is-config="true" duration-ms="0" started-at="2018-03-26T17:46:58Z" finished-at="2018-03-26T17:46:58Z">
          <reporter-output>
          </reporter-output>
        </test-method> <!-- beforeMethod -->
        <test-method status="SKIP" signature="Welcomepage()[pri:1, instance:TestSc.welcomescreen@7b9a4292]" name="Welcomepage" duration-ms="0" started-at="2018-03-26T17:46:58Z" finished-at="2018-03-26T17:46:58Z">
          <exception class="org.openqa.selenium.SessionNotCreatedException">
            <message>
              <![CDATA[Unable to create new remote session. desired capabilities = Capabilities [{app=/Users/anshulharinkhere/Library/Developer/Xcode/DerivedData/SoYou-dobzstlzhtfwkjdvgccohyhwlqfc/Build/Products/Debug-iphoneos/SoYou.app, noReset=false, xcodeOrgId=V862VGVUC2, bundleId=com.joyn.soyou, deviceName=iPhone, xcodeSigningId=Default, agentPath=/usr/local/lib/node_modules/appium/node_modules/appium-xcuitest-driver/WebDriverAgent/WebDriverAgent.xcodeproj, bootstrapPath=/usr/local/lib/node_modules/appium/node_modules/appium-xcuitest-driver/WebDriverAgent, platformVersion=11.1.2, automationName=XCUITest, useNewWDA=true, platformName=iOS, udid=0c4d88ae8ffeaac0a58b59b9f7d2a9788488203d, autoAcceptAlerts=true}], required capabilities = Capabilities [{}]
Build info: version: '3.3.1', revision: '5234b325d5', time: '2017-03-10 09:10:29 +0000'
System info: host: 'Anshuls-MacBook-Pro.local', ip: 'fe80:0:0:0:849:640d:bfc5:a48d%en0', os.name: 'Mac OS X', os.arch: 'x86_64', os.version: '10.12.6', java.version: '1.8.0_131'
Driver info: driver.version: IOSDriver]]>
            </message>
            <full-stacktrace>
              <![CDATA[org.openqa.selenium.SessionNotCreatedException: Unable to create new remote session. desired capabilities = Capabilities [{app=/Users/anshulharinkhere/Library/Developer/Xcode/DerivedData/SoYou-dobzstlzhtfwkjdvgccohyhwlqfc/Build/Products/Debug-iphoneos/SoYou.app, noReset=false, xcodeOrgId=V862VGVUC2, bundleId=com.joyn.soyou, deviceName=iPhone, xcodeSigningId=Default, agentPath=/usr/local/lib/node_modules/appium/node_modules/appium-xcuitest-driver/WebDriverAgent/WebDriverAgent.xcodeproj, bootstrapPath=/usr/local/lib/node_modules/appium/node_modules/appium-xcuitest-driver/WebDriverAgent, platformVersion=11.1.2, automationName=XCUITest, useNewWDA=true, platformName=iOS, udid=0c4d88ae8ffeaac0a58b59b9f7d2a9788488203d, autoAcceptAlerts=true}], required capabilities = Capabilities [{}]
Build info: version: '3.3.1', revision: '5234b325d5', time: '2017-03-10 09:10:29 +0000'
System info: host: 'Anshuls-MacBook-Pro.local', ip: 'fe80:0:0:0:849:640d:bfc5:a48d%en0', os.name: 'Mac OS X', os.arch: 'x86_64', os.version: '10.12.6', java.version: '1.8.0_131'
Driver info: driver.version: IOSDriver
	at io.appium.java_client.remote.AppiumProtocolHandShake.lambda$1(AppiumProtocolHandShake.java:96)
	at java.util.Optional.orElseThrow(Optional.java:290)
	at io.appium.java_client.remote.AppiumProtocolHandShake.createSession(AppiumProtocolHandShake.java:96)
	at io.appium.java_client.remote.AppiumCommandExecutor.doExecute(AppiumCommandExecutor.java:111)
	at io.appium.java_client.remote.AppiumCommandExecutor.execute(AppiumCommandExecutor.java:162)
	at org.openqa.selenium.remote.RemoteWebDriver.execute(RemoteWebDriver.java:604)
	at io.appium.java_client.DefaultGenericMobileDriver.execute(DefaultGenericMobileDriver.java:42)
	at io.appium.java_client.AppiumDriver.execute(AppiumDriver.java:1)
	at io.appium.java_client.ios.IOSDriver.execute(IOSDriver.java:1)
	at org.openqa.selenium.remote.RemoteWebDriver.startSession(RemoteWebDriver.java:244)
	at org.openqa.selenium.remote.RemoteWebDriver.<init>(RemoteWebDriver.java:131)
	at org.openqa.selenium.remote.RemoteWebDriver.<init>(RemoteWebDriver.java:144)
	at io.appium.java_client.DefaultGenericMobileDriver.<init>(DefaultGenericMobileDriver.java:38)
	at io.appium.java_client.AppiumDriver.<init>(AppiumDriver.java:88)
	at io.appium.java_client.AppiumDriver.<init>(AppiumDriver.java:112)
	at io.appium.java_client.ios.IOSDriver.<init>(IOSDriver.java:78)
	at com.framework.internal.feature.AppiumDriverFactory.getDriveriOS(AppiumDriverFactory.java:73)
	at com.framework.internal.feature.AppiumDriverInitializer.getAppiumDriverios(AppiumDriverInitializer.java:14)
	at com.framework.internal.feature.AppInitializer.beforeClass(AppInitializer.java:86)
	at sun.reflect.NativeMethodAccessorImpl.invoke0(Native Method)
	at sun.reflect.NativeMethodAccessorImpl.invoke(NativeMethodAccessorImpl.java:62)
	at sun.reflect.DelegatingMethodAccessorImpl.invoke(DelegatingMethodAccessorImpl.java:43)
	at java.lang.reflect.Method.invoke(Method.java:498)
	at org.testng.internal.MethodInvocationHelper.invokeMethod(MethodInvocationHelper.java:108)
	at org.testng.internal.Invoker.invokeConfigurationMethod(Invoker.java:523)
	at org.testng.internal.Invoker.invokeConfigurations(Invoker.java:224)
	at org.testng.internal.Invoker.invokeConfigurations(Invoker.java:146)
	at org.testng.internal.TestMethodWorker.invokeBeforeClassMethods(TestMethodWorker.java:166)
	at org.testng.internal.TestMethodWorker.run(TestMethodWorker.java:105)
	at org.testng.TestRunner.privateRun(TestRunner.java:744)
	at org.testng.TestRunner.run(TestRunner.java:602)
	at org.testng.SuiteRunner.runTest(SuiteRunner.java:380)
	at org.testng.SuiteRunner.runSequentially(SuiteRunner.java:375)
	at org.testng.SuiteRunner.privateRun(SuiteRunner.java:340)
	at org.testng.SuiteRunner.run(SuiteRunner.java:289)
	at org.testng.SuiteRunnerWorker.runSuite(SuiteRunnerWorker.java:52)
	at org.testng.SuiteRunnerWorker.run(SuiteRunnerWorker.java:86)
	at org.testng.TestNG.runSuitesSequentially(TestNG.java:1301)
	at org.testng.TestNG.runSuitesLocally(TestNG.java:1226)
	at org.testng.TestNG.runSuites(TestNG.java:1144)
	at org.testng.TestNG.run(TestNG.java:1115)
	at org.testng.remote.AbstractRemoteTestNG.run(AbstractRemoteTestNG.java:132)
	at org.testng.remote.RemoteTestNG.initAndRun(RemoteTestNG.java:230)
	at org.testng.remote.RemoteTestNG.main(RemoteTestNG.java:76)
]]>
            </full-stacktrace>
          </exception> <!-- org.openqa.selenium.SessionNotCreatedException -->
          <reporter-output>
          </reporter-output>
        </test-method> <!-- Welcomepage -->
        <test-method status="SKIP" signature="beforeMethod(java.lang.reflect.Method, java.lang.String)[pri:0, instance:TestSc.welcomescreen@7b9a4292]" name="beforeMethod" is-config="true" duration-ms="0" started-at="2018-03-26T17:46:58Z" finished-at="2018-03-26T17:46:58Z">
          <reporter-output>
          </reporter-output>
        </test-method> <!-- beforeMethod -->
        <test-method status="SKIP" signature="Welcomepage2()[pri:2, instance:TestSc.welcomescreen@7b9a4292]" name="Welcomepage2" duration-ms="0" started-at="2018-03-26T17:46:58Z" finished-at="2018-03-26T17:46:58Z">
          <exception class="org.openqa.selenium.SessionNotCreatedException">
            <message>
              <![CDATA[Unable to create new remote session. desired capabilities = Capabilities [{app=/Users/anshulharinkhere/Library/Developer/Xcode/DerivedData/SoYou-dobzstlzhtfwkjdvgccohyhwlqfc/Build/Products/Debug-iphoneos/SoYou.app, noReset=false, xcodeOrgId=V862VGVUC2, bundleId=com.joyn.soyou, deviceName=iPhone, xcodeSigningId=Default, agentPath=/usr/local/lib/node_modules/appium/node_modules/appium-xcuitest-driver/WebDriverAgent/WebDriverAgent.xcodeproj, bootstrapPath=/usr/local/lib/node_modules/appium/node_modules/appium-xcuitest-driver/WebDriverAgent, platformVersion=11.1.2, automationName=XCUITest, useNewWDA=true, platformName=iOS, udid=0c4d88ae8ffeaac0a58b59b9f7d2a9788488203d, autoAcceptAlerts=true}], required capabilities = Capabilities [{}]
Build info: version: '3.3.1', revision: '5234b325d5', time: '2017-03-10 09:10:29 +0000'
System info: host: 'Anshuls-MacBook-Pro.local', ip: 'fe80:0:0:0:849:640d:bfc5:a48d%en0', os.name: 'Mac OS X', os.arch: 'x86_64', os.version: '10.12.6', java.version: '1.8.0_131'
Driver info: driver.version: IOSDriver]]>
            </message>
            <full-stacktrace>
              <![CDATA[org.openqa.selenium.SessionNotCreatedException: Unable to create new remote session. desired capabilities = Capabilities [{app=/Users/anshulharinkhere/Library/Developer/Xcode/DerivedData/SoYou-dobzstlzhtfwkjdvgccohyhwlqfc/Build/Products/Debug-iphoneos/SoYou.app, noReset=false, xcodeOrgId=V862VGVUC2, bundleId=com.joyn.soyou, deviceName=iPhone, xcodeSigningId=Default, agentPath=/usr/local/lib/node_modules/appium/node_modules/appium-xcuitest-driver/WebDriverAgent/WebDriverAgent.xcodeproj, bootstrapPath=/usr/local/lib/node_modules/appium/node_modules/appium-xcuitest-driver/WebDriverAgent, platformVersion=11.1.2, automationName=XCUITest, useNewWDA=true, platformName=iOS, udid=0c4d88ae8ffeaac0a58b59b9f7d2a9788488203d, autoAcceptAlerts=true}], required capabilities = Capabilities [{}]
Build info: version: '3.3.1', revision: '5234b325d5', time: '2017-03-10 09:10:29 +0000'
System info: host: 'Anshuls-MacBook-Pro.local', ip: 'fe80:0:0:0:849:640d:bfc5:a48d%en0', os.name: 'Mac OS X', os.arch: 'x86_64', os.version: '10.12.6', java.version: '1.8.0_131'
Driver info: driver.version: IOSDriver
	at io.appium.java_client.remote.AppiumProtocolHandShake.lambda$1(AppiumProtocolHandShake.java:96)
	at java.util.Optional.orElseThrow(Optional.java:290)
	at io.appium.java_client.remote.AppiumProtocolHandShake.createSession(AppiumProtocolHandShake.java:96)
	at io.appium.java_client.remote.AppiumCommandExecutor.doExecute(AppiumCommandExecutor.java:111)
	at io.appium.java_client.remote.AppiumCommandExecutor.execute(AppiumCommandExecutor.java:162)
	at org.openqa.selenium.remote.RemoteWebDriver.execute(RemoteWebDriver.java:604)
	at io.appium.java_client.DefaultGenericMobileDriver.execute(DefaultGenericMobileDriver.java:42)
	at io.appium.java_client.AppiumDriver.execute(AppiumDriver.java:1)
	at io.appium.java_client.ios.IOSDriver.execute(IOSDriver.java:1)
	at org.openqa.selenium.remote.RemoteWebDriver.startSession(RemoteWebDriver.java:244)
	at org.openqa.selenium.remote.RemoteWebDriver.<init>(RemoteWebDriver.java:131)
	at org.openqa.selenium.remote.RemoteWebDriver.<init>(RemoteWebDriver.java:144)
	at io.appium.java_client.DefaultGenericMobileDriver.<init>(DefaultGenericMobileDriver.java:38)
	at io.appium.java_client.AppiumDriver.<init>(AppiumDriver.java:88)
	at io.appium.java_client.AppiumDriver.<init>(AppiumDriver.java:112)
	at io.appium.java_client.ios.IOSDriver.<init>(IOSDriver.java:78)
	at com.framework.internal.feature.AppiumDriverFactory.getDriveriOS(AppiumDriverFactory.java:73)
	at com.framework.internal.feature.AppiumDriverInitializer.getAppiumDriverios(AppiumDriverInitializer.java:14)
	at com.framework.internal.feature.AppInitializer.beforeClass(AppInitializer.java:86)
	at sun.reflect.NativeMethodAccessorImpl.invoke0(Native Method)
	at sun.reflect.NativeMethodAccessorImpl.invoke(NativeMethodAccessorImpl.java:62)
	at sun.reflect.DelegatingMethodAccessorImpl.invoke(DelegatingMethodAccessorImpl.java:43)
	at java.lang.reflect.Method.invoke(Method.java:498)
	at org.testng.internal.MethodInvocationHelper.invokeMethod(MethodInvocationHelper.java:108)
	at org.testng.internal.Invoker.invokeConfigurationMethod(Invoker.java:523)
	at org.testng.internal.Invoker.invokeConfigurations(Invoker.java:224)
	at org.testng.internal.Invoker.invokeConfigurations(Invoker.java:146)
	at org.testng.internal.TestMethodWorker.invokeBeforeClassMethods(TestMethodWorker.java:166)
	at org.testng.internal.TestMethodWorker.run(TestMethodWorker.java:105)
	at org.testng.TestRunner.privateRun(TestRunner.java:744)
	at org.testng.TestRunner.run(TestRunner.java:602)
	at org.testng.SuiteRunner.runTest(SuiteRunner.java:380)
	at org.testng.SuiteRunner.runSequentially(SuiteRunner.java:375)
	at org.testng.SuiteRunner.privateRun(SuiteRunner.java:340)
	at org.testng.SuiteRunner.run(SuiteRunner.java:289)
	at org.testng.SuiteRunnerWorker.runSuite(SuiteRunnerWorker.java:52)
	at org.testng.SuiteRunnerWorker.run(SuiteRunnerWorker.java:86)
	at org.testng.TestNG.runSuitesSequentially(TestNG.java:1301)
	at org.testng.TestNG.runSuitesLocally(TestNG.java:1226)
	at org.testng.TestNG.runSuites(TestNG.java:1144)
	at org.testng.TestNG.run(TestNG.java:1115)
	at org.testng.remote.AbstractRemoteTestNG.run(AbstractRemoteTestNG.java:132)
	at org.testng.remote.RemoteTestNG.initAndRun(RemoteTestNG.java:230)
	at org.testng.remote.RemoteTestNG.main(RemoteTestNG.java:76)
]]>
            </full-stacktrace>
          </exception> <!-- org.openqa.selenium.SessionNotCreatedException -->
          <reporter-output>
          </reporter-output>
        </test-method> <!-- Welcomepage2 -->
        <test-method status="SKIP" signature="beforeMethod(java.lang.reflect.Method, java.lang.String)[pri:0, instance:TestSc.welcomescreen@7b9a4292]" name="beforeMethod" is-config="true" duration-ms="0" started-at="2018-03-26T17:46:58Z" finished-at="2018-03-26T17:46:58Z">
          <reporter-output>
          </reporter-output>
        </test-method> <!-- beforeMethod -->
        <test-method status="SKIP" signature="Welcomepage3()[pri:3, instance:TestSc.welcomescreen@7b9a4292]" name="Welcomepage3" duration-ms="0" started-at="2018-03-26T17:46:58Z" finished-at="2018-03-26T17:46:58Z">
          <exception class="org.openqa.selenium.SessionNotCreatedException">
            <message>
              <![CDATA[Unable to create new remote session. desired capabilities = Capabilities [{app=/Users/anshulharinkhere/Library/Developer/Xcode/DerivedData/SoYou-dobzstlzhtfwkjdvgccohyhwlqfc/Build/Products/Debug-iphoneos/SoYou.app, noReset=false, xcodeOrgId=V862VGVUC2, bundleId=com.joyn.soyou, deviceName=iPhone, xcodeSigningId=Default, agentPath=/usr/local/lib/node_modules/appium/node_modules/appium-xcuitest-driver/WebDriverAgent/WebDriverAgent.xcodeproj, bootstrapPath=/usr/local/lib/node_modules/appium/node_modules/appium-xcuitest-driver/WebDriverAgent, platformVersion=11.1.2, automationName=XCUITest, useNewWDA=true, platformName=iOS, udid=0c4d88ae8ffeaac0a58b59b9f7d2a9788488203d, autoAcceptAlerts=true}], required capabilities = Capabilities [{}]
Build info: version: '3.3.1', revision: '5234b325d5', time: '2017-03-10 09:10:29 +0000'
System info: host: 'Anshuls-MacBook-Pro.local', ip: 'fe80:0:0:0:849:640d:bfc5:a48d%en0', os.name: 'Mac OS X', os.arch: 'x86_64', os.version: '10.12.6', java.version: '1.8.0_131'
Driver info: driver.version: IOSDriver]]>
            </message>
            <full-stacktrace>
              <![CDATA[org.openqa.selenium.SessionNotCreatedException: Unable to create new remote session. desired capabilities = Capabilities [{app=/Users/anshulharinkhere/Library/Developer/Xcode/DerivedData/SoYou-dobzstlzhtfwkjdvgccohyhwlqfc/Build/Products/Debug-iphoneos/SoYou.app, noReset=false, xcodeOrgId=V862VGVUC2, bundleId=com.joyn.soyou, deviceName=iPhone, xcodeSigningId=Default, agentPath=/usr/local/lib/node_modules/appium/node_modules/appium-xcuitest-driver/WebDriverAgent/WebDriverAgent.xcodeproj, bootstrapPath=/usr/local/lib/node_modules/appium/node_modules/appium-xcuitest-driver/WebDriverAgent, platformVersion=11.1.2, automationName=XCUITest, useNewWDA=true, platformName=iOS, udid=0c4d88ae8ffeaac0a58b59b9f7d2a9788488203d, autoAcceptAlerts=true}], required capabilities = Capabilities [{}]
Build info: version: '3.3.1', revision: '5234b325d5', time: '2017-03-10 09:10:29 +0000'
System info: host: 'Anshuls-MacBook-Pro.local', ip: 'fe80:0:0:0:849:640d:bfc5:a48d%en0', os.name: 'Mac OS X', os.arch: 'x86_64', os.version: '10.12.6', java.version: '1.8.0_131'
Driver info: driver.version: IOSDriver
	at io.appium.java_client.remote.AppiumProtocolHandShake.lambda$1(AppiumProtocolHandShake.java:96)
	at java.util.Optional.orElseThrow(Optional.java:290)
	at io.appium.java_client.remote.AppiumProtocolHandShake.createSession(AppiumProtocolHandShake.java:96)
	at io.appium.java_client.remote.AppiumCommandExecutor.doExecute(AppiumCommandExecutor.java:111)
	at io.appium.java_client.remote.AppiumCommandExecutor.execute(AppiumCommandExecutor.java:162)
	at org.openqa.selenium.remote.RemoteWebDriver.execute(RemoteWebDriver.java:604)
	at io.appium.java_client.DefaultGenericMobileDriver.execute(DefaultGenericMobileDriver.java:42)
	at io.appium.java_client.AppiumDriver.execute(AppiumDriver.java:1)
	at io.appium.java_client.ios.IOSDriver.execute(IOSDriver.java:1)
	at org.openqa.selenium.remote.RemoteWebDriver.startSession(RemoteWebDriver.java:244)
	at org.openqa.selenium.remote.RemoteWebDriver.<init>(RemoteWebDriver.java:131)
	at org.openqa.selenium.remote.RemoteWebDriver.<init>(RemoteWebDriver.java:144)
	at io.appium.java_client.DefaultGenericMobileDriver.<init>(DefaultGenericMobileDriver.java:38)
	at io.appium.java_client.AppiumDriver.<init>(AppiumDriver.java:88)
	at io.appium.java_client.AppiumDriver.<init>(AppiumDriver.java:112)
	at io.appium.java_client.ios.IOSDriver.<init>(IOSDriver.java:78)
	at com.framework.internal.feature.AppiumDriverFactory.getDriveriOS(AppiumDriverFactory.java:73)
	at com.framework.internal.feature.AppiumDriverInitializer.getAppiumDriverios(AppiumDriverInitializer.java:14)
	at com.framework.internal.feature.AppInitializer.beforeClass(AppInitializer.java:86)
	at sun.reflect.NativeMethodAccessorImpl.invoke0(Native Method)
	at sun.reflect.NativeMethodAccessorImpl.invoke(NativeMethodAccessorImpl.java:62)
	at sun.reflect.DelegatingMethodAccessorImpl.invoke(DelegatingMethodAccessorImpl.java:43)
	at java.lang.reflect.Method.invoke(Method.java:498)
	at org.testng.internal.MethodInvocationHelper.invokeMethod(MethodInvocationHelper.java:108)
	at org.testng.internal.Invoker.invokeConfigurationMethod(Invoker.java:523)
	at org.testng.internal.Invoker.invokeConfigurations(Invoker.java:224)
	at org.testng.internal.Invoker.invokeConfigurations(Invoker.java:146)
	at org.testng.internal.TestMethodWorker.invokeBeforeClassMethods(TestMethodWorker.java:166)
	at org.testng.internal.TestMethodWorker.run(TestMethodWorker.java:105)
	at org.testng.TestRunner.privateRun(TestRunner.java:744)
	at org.testng.TestRunner.run(TestRunner.java:602)
	at org.testng.SuiteRunner.runTest(SuiteRunner.java:380)
	at org.testng.SuiteRunner.runSequentially(SuiteRunner.java:375)
	at org.testng.SuiteRunner.privateRun(SuiteRunner.java:340)
	at org.testng.SuiteRunner.run(SuiteRunner.java:289)
	at org.testng.SuiteRunnerWorker.runSuite(SuiteRunnerWorker.java:52)
	at org.testng.SuiteRunnerWorker.run(SuiteRunnerWorker.java:86)
	at org.testng.TestNG.runSuitesSequentially(TestNG.java:1301)
	at org.testng.TestNG.runSuitesLocally(TestNG.java:1226)
	at org.testng.TestNG.runSuites(TestNG.java:1144)
	at org.testng.TestNG.run(TestNG.java:1115)
	at org.testng.remote.AbstractRemoteTestNG.run(AbstractRemoteTestNG.java:132)
	at org.testng.remote.RemoteTestNG.initAndRun(RemoteTestNG.java:230)
	at org.testng.remote.RemoteTestNG.main(RemoteTestNG.java:76)
]]>
            </full-stacktrace>
          </exception> <!-- org.openqa.selenium.SessionNotCreatedException -->
          <reporter-output>
          </reporter-output>
        </test-method> <!-- Welcomepage3 -->
        <test-method status="SKIP" signature="beforeMethod(java.lang.reflect.Method, java.lang.String)[pri:0, instance:TestSc.welcomescreen@7b9a4292]" name="beforeMethod" is-config="true" duration-ms="0" started-at="2018-03-26T17:46:58Z" finished-at="2018-03-26T17:46:58Z">
          <reporter-output>
          </reporter-output>
        </test-method> <!-- beforeMethod -->
        <test-method status="SKIP" signature="Welcomepage4()[pri:4, instance:TestSc.welcomescreen@7b9a4292]" name="Welcomepage4" duration-ms="0" started-at="2018-03-26T17:46:58Z" finished-at="2018-03-26T17:46:58Z">
          <exception class="org.openqa.selenium.SessionNotCreatedException">
            <message>
              <![CDATA[Unable to create new remote session. desired capabilities = Capabilities [{app=/Users/anshulharinkhere/Library/Developer/Xcode/DerivedData/SoYou-dobzstlzhtfwkjdvgccohyhwlqfc/Build/Products/Debug-iphoneos/SoYou.app, noReset=false, xcodeOrgId=V862VGVUC2, bundleId=com.joyn.soyou, deviceName=iPhone, xcodeSigningId=Default, agentPath=/usr/local/lib/node_modules/appium/node_modules/appium-xcuitest-driver/WebDriverAgent/WebDriverAgent.xcodeproj, bootstrapPath=/usr/local/lib/node_modules/appium/node_modules/appium-xcuitest-driver/WebDriverAgent, platformVersion=11.1.2, automationName=XCUITest, useNewWDA=true, platformName=iOS, udid=0c4d88ae8ffeaac0a58b59b9f7d2a9788488203d, autoAcceptAlerts=true}], required capabilities = Capabilities [{}]
Build info: version: '3.3.1', revision: '5234b325d5', time: '2017-03-10 09:10:29 +0000'
System info: host: 'Anshuls-MacBook-Pro.local', ip: 'fe80:0:0:0:849:640d:bfc5:a48d%en0', os.name: 'Mac OS X', os.arch: 'x86_64', os.version: '10.12.6', java.version: '1.8.0_131'
Driver info: driver.version: IOSDriver]]>
            </message>
            <full-stacktrace>
              <![CDATA[org.openqa.selenium.SessionNotCreatedException: Unable to create new remote session. desired capabilities = Capabilities [{app=/Users/anshulharinkhere/Library/Developer/Xcode/DerivedData/SoYou-dobzstlzhtfwkjdvgccohyhwlqfc/Build/Products/Debug-iphoneos/SoYou.app, noReset=false, xcodeOrgId=V862VGVUC2, bundleId=com.joyn.soyou, deviceName=iPhone, xcodeSigningId=Default, agentPath=/usr/local/lib/node_modules/appium/node_modules/appium-xcuitest-driver/WebDriverAgent/WebDriverAgent.xcodeproj, bootstrapPath=/usr/local/lib/node_modules/appium/node_modules/appium-xcuitest-driver/WebDriverAgent, platformVersion=11.1.2, automationName=XCUITest, useNewWDA=true, platformName=iOS, udid=0c4d88ae8ffeaac0a58b59b9f7d2a9788488203d, autoAcceptAlerts=true}], required capabilities = Capabilities [{}]
Build info: version: '3.3.1', revision: '5234b325d5', time: '2017-03-10 09:10:29 +0000'
System info: host: 'Anshuls-MacBook-Pro.local', ip: 'fe80:0:0:0:849:640d:bfc5:a48d%en0', os.name: 'Mac OS X', os.arch: 'x86_64', os.version: '10.12.6', java.version: '1.8.0_131'
Driver info: driver.version: IOSDriver
	at io.appium.java_client.remote.AppiumProtocolHandShake.lambda$1(AppiumProtocolHandShake.java:96)
	at java.util.Optional.orElseThrow(Optional.java:290)
	at io.appium.java_client.remote.AppiumProtocolHandShake.createSession(AppiumProtocolHandShake.java:96)
	at io.appium.java_client.remote.AppiumCommandExecutor.doExecute(AppiumCommandExecutor.java:111)
	at io.appium.java_client.remote.AppiumCommandExecutor.execute(AppiumCommandExecutor.java:162)
	at org.openqa.selenium.remote.RemoteWebDriver.execute(RemoteWebDriver.java:604)
	at io.appium.java_client.DefaultGenericMobileDriver.execute(DefaultGenericMobileDriver.java:42)
	at io.appium.java_client.AppiumDriver.execute(AppiumDriver.java:1)
	at io.appium.java_client.ios.IOSDriver.execute(IOSDriver.java:1)
	at org.openqa.selenium.remote.RemoteWebDriver.startSession(RemoteWebDriver.java:244)
	at org.openqa.selenium.remote.RemoteWebDriver.<init>(RemoteWebDriver.java:131)
	at org.openqa.selenium.remote.RemoteWebDriver.<init>(RemoteWebDriver.java:144)
	at io.appium.java_client.DefaultGenericMobileDriver.<init>(DefaultGenericMobileDriver.java:38)
	at io.appium.java_client.AppiumDriver.<init>(AppiumDriver.java:88)
	at io.appium.java_client.AppiumDriver.<init>(AppiumDriver.java:112)
	at io.appium.java_client.ios.IOSDriver.<init>(IOSDriver.java:78)
	at com.framework.internal.feature.AppiumDriverFactory.getDriveriOS(AppiumDriverFactory.java:73)
	at com.framework.internal.feature.AppiumDriverInitializer.getAppiumDriverios(AppiumDriverInitializer.java:14)
	at com.framework.internal.feature.AppInitializer.beforeClass(AppInitializer.java:86)
	at sun.reflect.NativeMethodAccessorImpl.invoke0(Native Method)
	at sun.reflect.NativeMethodAccessorImpl.invoke(NativeMethodAccessorImpl.java:62)
	at sun.reflect.DelegatingMethodAccessorImpl.invoke(DelegatingMethodAccessorImpl.java:43)
	at java.lang.reflect.Method.invoke(Method.java:498)
	at org.testng.internal.MethodInvocationHelper.invokeMethod(MethodInvocationHelper.java:108)
	at org.testng.internal.Invoker.invokeConfigurationMethod(Invoker.java:523)
	at org.testng.internal.Invoker.invokeConfigurations(Invoker.java:224)
	at org.testng.internal.Invoker.invokeConfigurations(Invoker.java:146)
	at org.testng.internal.TestMethodWorker.invokeBeforeClassMethods(TestMethodWorker.java:166)
	at org.testng.internal.TestMethodWorker.run(TestMethodWorker.java:105)
	at org.testng.TestRunner.privateRun(TestRunner.java:744)
	at org.testng.TestRunner.run(TestRunner.java:602)
	at org.testng.SuiteRunner.runTest(SuiteRunner.java:380)
	at org.testng.SuiteRunner.runSequentially(SuiteRunner.java:375)
	at org.testng.SuiteRunner.privateRun(SuiteRunner.java:340)
	at org.testng.SuiteRunner.run(SuiteRunner.java:289)
	at org.testng.SuiteRunnerWorker.runSuite(SuiteRunnerWorker.java:52)
	at org.testng.SuiteRunnerWorker.run(SuiteRunnerWorker.java:86)
	at org.testng.TestNG.runSuitesSequentially(TestNG.java:1301)
	at org.testng.TestNG.runSuitesLocally(TestNG.java:1226)
	at org.testng.TestNG.runSuites(TestNG.java:1144)
	at org.testng.TestNG.run(TestNG.java:1115)
	at org.testng.remote.AbstractRemoteTestNG.run(AbstractRemoteTestNG.java:132)
	at org.testng.remote.RemoteTestNG.initAndRun(RemoteTestNG.java:230)
	at org.testng.remote.RemoteTestNG.main(RemoteTestNG.java:76)
]]>
            </full-stacktrace>
          </exception> <!-- org.openqa.selenium.SessionNotCreatedException -->
          <reporter-output>
          </reporter-output>
        </test-method> <!-- Welcomepage4 -->
        <test-method status="SKIP" signature="beforeMethod(java.lang.reflect.Method, java.lang.String)[pri:0, instance:TestSc.welcomescreen@7b9a4292]" name="beforeMethod" is-config="true" duration-ms="0" started-at="2018-03-26T17:46:58Z" finished-at="2018-03-26T17:46:58Z">
          <reporter-output>
          </reporter-output>
        </test-method> <!-- beforeMethod -->
        <test-method status="SKIP" signature="Welcomepage5()[pri:5, instance:TestSc.welcomescreen@7b9a4292]" name="Welcomepage5" duration-ms="0" started-at="2018-03-26T17:46:58Z" finished-at="2018-03-26T17:46:58Z">
          <exception class="org.openqa.selenium.SessionNotCreatedException">
            <message>
              <![CDATA[Unable to create new remote session. desired capabilities = Capabilities [{app=/Users/anshulharinkhere/Library/Developer/Xcode/DerivedData/SoYou-dobzstlzhtfwkjdvgccohyhwlqfc/Build/Products/Debug-iphoneos/SoYou.app, noReset=false, xcodeOrgId=V862VGVUC2, bundleId=com.joyn.soyou, deviceName=iPhone, xcodeSigningId=Default, agentPath=/usr/local/lib/node_modules/appium/node_modules/appium-xcuitest-driver/WebDriverAgent/WebDriverAgent.xcodeproj, bootstrapPath=/usr/local/lib/node_modules/appium/node_modules/appium-xcuitest-driver/WebDriverAgent, platformVersion=11.1.2, automationName=XCUITest, useNewWDA=true, platformName=iOS, udid=0c4d88ae8ffeaac0a58b59b9f7d2a9788488203d, autoAcceptAlerts=true}], required capabilities = Capabilities [{}]
Build info: version: '3.3.1', revision: '5234b325d5', time: '2017-03-10 09:10:29 +0000'
System info: host: 'Anshuls-MacBook-Pro.local', ip: 'fe80:0:0:0:849:640d:bfc5:a48d%en0', os.name: 'Mac OS X', os.arch: 'x86_64', os.version: '10.12.6', java.version: '1.8.0_131'
Driver info: driver.version: IOSDriver]]>
            </message>
            <full-stacktrace>
              <![CDATA[org.openqa.selenium.SessionNotCreatedException: Unable to create new remote session. desired capabilities = Capabilities [{app=/Users/anshulharinkhere/Library/Developer/Xcode/DerivedData/SoYou-dobzstlzhtfwkjdvgccohyhwlqfc/Build/Products/Debug-iphoneos/SoYou.app, noReset=false, xcodeOrgId=V862VGVUC2, bundleId=com.joyn.soyou, deviceName=iPhone, xcodeSigningId=Default, agentPath=/usr/local/lib/node_modules/appium/node_modules/appium-xcuitest-driver/WebDriverAgent/WebDriverAgent.xcodeproj, bootstrapPath=/usr/local/lib/node_modules/appium/node_modules/appium-xcuitest-driver/WebDriverAgent, platformVersion=11.1.2, automationName=XCUITest, useNewWDA=true, platformName=iOS, udid=0c4d88ae8ffeaac0a58b59b9f7d2a9788488203d, autoAcceptAlerts=true}], required capabilities = Capabilities [{}]
Build info: version: '3.3.1', revision: '5234b325d5', time: '2017-03-10 09:10:29 +0000'
System info: host: 'Anshuls-MacBook-Pro.local', ip: 'fe80:0:0:0:849:640d:bfc5:a48d%en0', os.name: 'Mac OS X', os.arch: 'x86_64', os.version: '10.12.6', java.version: '1.8.0_131'
Driver info: driver.version: IOSDriver
	at io.appium.java_client.remote.AppiumProtocolHandShake.lambda$1(AppiumProtocolHandShake.java:96)
	at java.util.Optional.orElseThrow(Optional.java:290)
	at io.appium.java_client.remote.AppiumProtocolHandShake.createSession(AppiumProtocolHandShake.java:96)
	at io.appium.java_client.remote.AppiumCommandExecutor.doExecute(AppiumCommandExecutor.java:111)
	at io.appium.java_client.remote.AppiumCommandExecutor.execute(AppiumCommandExecutor.java:162)
	at org.openqa.selenium.remote.RemoteWebDriver.execute(RemoteWebDriver.java:604)
	at io.appium.java_client.DefaultGenericMobileDriver.execute(DefaultGenericMobileDriver.java:42)
	at io.appium.java_client.AppiumDriver.execute(AppiumDriver.java:1)
	at io.appium.java_client.ios.IOSDriver.execute(IOSDriver.java:1)
	at org.openqa.selenium.remote.RemoteWebDriver.startSession(RemoteWebDriver.java:244)
	at org.openqa.selenium.remote.RemoteWebDriver.<init>(RemoteWebDriver.java:131)
	at org.openqa.selenium.remote.RemoteWebDriver.<init>(RemoteWebDriver.java:144)
	at io.appium.java_client.DefaultGenericMobileDriver.<init>(DefaultGenericMobileDriver.java:38)
	at io.appium.java_client.AppiumDriver.<init>(AppiumDriver.java:88)
	at io.appium.java_client.AppiumDriver.<init>(AppiumDriver.java:112)
	at io.appium.java_client.ios.IOSDriver.<init>(IOSDriver.java:78)
	at com.framework.internal.feature.AppiumDriverFactory.getDriveriOS(AppiumDriverFactory.java:73)
	at com.framework.internal.feature.AppiumDriverInitializer.getAppiumDriverios(AppiumDriverInitializer.java:14)
	at com.framework.internal.feature.AppInitializer.beforeClass(AppInitializer.java:86)
	at sun.reflect.NativeMethodAccessorImpl.invoke0(Native Method)
	at sun.reflect.NativeMethodAccessorImpl.invoke(NativeMethodAccessorImpl.java:62)
	at sun.reflect.DelegatingMethodAccessorImpl.invoke(DelegatingMethodAccessorImpl.java:43)
	at java.lang.reflect.Method.invoke(Method.java:498)
	at org.testng.internal.MethodInvocationHelper.invokeMethod(MethodInvocationHelper.java:108)
	at org.testng.internal.Invoker.invokeConfigurationMethod(Invoker.java:523)
	at org.testng.internal.Invoker.invokeConfigurations(Invoker.java:224)
	at org.testng.internal.Invoker.invokeConfigurations(Invoker.java:146)
	at org.testng.internal.TestMethodWorker.invokeBeforeClassMethods(TestMethodWorker.java:166)
	at org.testng.internal.TestMethodWorker.run(TestMethodWorker.java:105)
	at org.testng.TestRunner.privateRun(TestRunner.java:744)
	at org.testng.TestRunner.run(TestRunner.java:602)
	at org.testng.SuiteRunner.runTest(SuiteRunner.java:380)
	at org.testng.SuiteRunner.runSequentially(SuiteRunner.java:375)
	at org.testng.SuiteRunner.privateRun(SuiteRunner.java:340)
	at org.testng.SuiteRunner.run(SuiteRunner.java:289)
	at org.testng.SuiteRunnerWorker.runSuite(SuiteRunnerWorker.java:52)
	at org.testng.SuiteRunnerWorker.run(SuiteRunnerWorker.java:86)
	at org.testng.TestNG.runSuitesSequentially(TestNG.java:1301)
	at org.testng.TestNG.runSuitesLocally(TestNG.java:1226)
	at org.testng.TestNG.runSuites(TestNG.java:1144)
	at org.testng.TestNG.run(TestNG.java:1115)
	at org.testng.remote.AbstractRemoteTestNG.run(AbstractRemoteTestNG.java:132)
	at org.testng.remote.RemoteTestNG.initAndRun(RemoteTestNG.java:230)
	at org.testng.remote.RemoteTestNG.main(RemoteTestNG.java:76)
]]>
            </full-stacktrace>
          </exception> <!-- org.openqa.selenium.SessionNotCreatedException -->
          <reporter-output>
          </reporter-output>
        </test-method> <!-- Welcomepage5 -->
        <test-method status="SKIP" signature="beforeMethod(java.lang.reflect.Method, java.lang.String)[pri:0, instance:TestSc.welcomescreen@7b9a4292]" name="beforeMethod" is-config="true" duration-ms="0" started-at="2018-03-26T17:46:58Z" finished-at="2018-03-26T17:46:58Z">
          <reporter-output>
          </reporter-output>
        </test-method> <!-- beforeMethod -->
        <test-method status="SKIP" signature="NotificationPoup()[pri:6, instance:TestSc.welcomescreen@7b9a4292]" name="NotificationPoup" duration-ms="0" started-at="2018-03-26T17:46:58Z" finished-at="2018-03-26T17:46:58Z">
          <exception class="org.openqa.selenium.SessionNotCreatedException">
            <message>
              <![CDATA[Unable to create new remote session. desired capabilities = Capabilities [{app=/Users/anshulharinkhere/Library/Developer/Xcode/DerivedData/SoYou-dobzstlzhtfwkjdvgccohyhwlqfc/Build/Products/Debug-iphoneos/SoYou.app, noReset=false, xcodeOrgId=V862VGVUC2, bundleId=com.joyn.soyou, deviceName=iPhone, xcodeSigningId=Default, agentPath=/usr/local/lib/node_modules/appium/node_modules/appium-xcuitest-driver/WebDriverAgent/WebDriverAgent.xcodeproj, bootstrapPath=/usr/local/lib/node_modules/appium/node_modules/appium-xcuitest-driver/WebDriverAgent, platformVersion=11.1.2, automationName=XCUITest, useNewWDA=true, platformName=iOS, udid=0c4d88ae8ffeaac0a58b59b9f7d2a9788488203d, autoAcceptAlerts=true}], required capabilities = Capabilities [{}]
Build info: version: '3.3.1', revision: '5234b325d5', time: '2017-03-10 09:10:29 +0000'
System info: host: 'Anshuls-MacBook-Pro.local', ip: 'fe80:0:0:0:849:640d:bfc5:a48d%en0', os.name: 'Mac OS X', os.arch: 'x86_64', os.version: '10.12.6', java.version: '1.8.0_131'
Driver info: driver.version: IOSDriver]]>
            </message>
            <full-stacktrace>
              <![CDATA[org.openqa.selenium.SessionNotCreatedException: Unable to create new remote session. desired capabilities = Capabilities [{app=/Users/anshulharinkhere/Library/Developer/Xcode/DerivedData/SoYou-dobzstlzhtfwkjdvgccohyhwlqfc/Build/Products/Debug-iphoneos/SoYou.app, noReset=false, xcodeOrgId=V862VGVUC2, bundleId=com.joyn.soyou, deviceName=iPhone, xcodeSigningId=Default, agentPath=/usr/local/lib/node_modules/appium/node_modules/appium-xcuitest-driver/WebDriverAgent/WebDriverAgent.xcodeproj, bootstrapPath=/usr/local/lib/node_modules/appium/node_modules/appium-xcuitest-driver/WebDriverAgent, platformVersion=11.1.2, automationName=XCUITest, useNewWDA=true, platformName=iOS, udid=0c4d88ae8ffeaac0a58b59b9f7d2a9788488203d, autoAcceptAlerts=true}], required capabilities = Capabilities [{}]
Build info: version: '3.3.1', revision: '5234b325d5', time: '2017-03-10 09:10:29 +0000'
System info: host: 'Anshuls-MacBook-Pro.local', ip: 'fe80:0:0:0:849:640d:bfc5:a48d%en0', os.name: 'Mac OS X', os.arch: 'x86_64', os.version: '10.12.6', java.version: '1.8.0_131'
Driver info: driver.version: IOSDriver
	at io.appium.java_client.remote.AppiumProtocolHandShake.lambda$1(AppiumProtocolHandShake.java:96)
	at java.util.Optional.orElseThrow(Optional.java:290)
	at io.appium.java_client.remote.AppiumProtocolHandShake.createSession(AppiumProtocolHandShake.java:96)
	at io.appium.java_client.remote.AppiumCommandExecutor.doExecute(AppiumCommandExecutor.java:111)
	at io.appium.java_client.remote.AppiumCommandExecutor.execute(AppiumCommandExecutor.java:162)
	at org.openqa.selenium.remote.RemoteWebDriver.execute(RemoteWebDriver.java:604)
	at io.appium.java_client.DefaultGenericMobileDriver.execute(DefaultGenericMobileDriver.java:42)
	at io.appium.java_client.AppiumDriver.execute(AppiumDriver.java:1)
	at io.appium.java_client.ios.IOSDriver.execute(IOSDriver.java:1)
	at org.openqa.selenium.remote.RemoteWebDriver.startSession(RemoteWebDriver.java:244)
	at org.openqa.selenium.remote.RemoteWebDriver.<init>(RemoteWebDriver.java:131)
	at org.openqa.selenium.remote.RemoteWebDriver.<init>(RemoteWebDriver.java:144)
	at io.appium.java_client.DefaultGenericMobileDriver.<init>(DefaultGenericMobileDriver.java:38)
	at io.appium.java_client.AppiumDriver.<init>(AppiumDriver.java:88)
	at io.appium.java_client.AppiumDriver.<init>(AppiumDriver.java:112)
	at io.appium.java_client.ios.IOSDriver.<init>(IOSDriver.java:78)
	at com.framework.internal.feature.AppiumDriverFactory.getDriveriOS(AppiumDriverFactory.java:73)
	at com.framework.internal.feature.AppiumDriverInitializer.getAppiumDriverios(AppiumDriverInitializer.java:14)
	at com.framework.internal.feature.AppInitializer.beforeClass(AppInitializer.java:86)
	at sun.reflect.NativeMethodAccessorImpl.invoke0(Native Method)
	at sun.reflect.NativeMethodAccessorImpl.invoke(NativeMethodAccessorImpl.java:62)
	at sun.reflect.DelegatingMethodAccessorImpl.invoke(DelegatingMethodAccessorImpl.java:43)
	at java.lang.reflect.Method.invoke(Method.java:498)
	at org.testng.internal.MethodInvocationHelper.invokeMethod(MethodInvocationHelper.java:108)
	at org.testng.internal.Invoker.invokeConfigurationMethod(Invoker.java:523)
	at org.testng.internal.Invoker.invokeConfigurations(Invoker.java:224)
	at org.testng.internal.Invoker.invokeConfigurations(Invoker.java:146)
	at org.testng.internal.TestMethodWorker.invokeBeforeClassMethods(TestMethodWorker.java:166)
	at org.testng.internal.TestMethodWorker.run(TestMethodWorker.java:105)
	at org.testng.TestRunner.privateRun(TestRunner.java:744)
	at org.testng.TestRunner.run(TestRunner.java:602)
	at org.testng.SuiteRunner.runTest(SuiteRunner.java:380)
	at org.testng.SuiteRunner.runSequentially(SuiteRunner.java:375)
	at org.testng.SuiteRunner.privateRun(SuiteRunner.java:340)
	at org.testng.SuiteRunner.run(SuiteRunner.java:289)
	at org.testng.SuiteRunnerWorker.runSuite(SuiteRunnerWorker.java:52)
	at org.testng.SuiteRunnerWorker.run(SuiteRunnerWorker.java:86)
	at org.testng.TestNG.runSuitesSequentially(TestNG.java:1301)
	at org.testng.TestNG.runSuitesLocally(TestNG.java:1226)
	at org.testng.TestNG.runSuites(TestNG.java:1144)
	at org.testng.TestNG.run(TestNG.java:1115)
	at org.testng.remote.AbstractRemoteTestNG.run(AbstractRemoteTestNG.java:132)
	at org.testng.remote.RemoteTestNG.initAndRun(RemoteTestNG.java:230)
	at org.testng.remote.RemoteTestNG.main(RemoteTestNG.java:76)
]]>
            </full-stacktrace>
          </exception> <!-- org.openqa.selenium.SessionNotCreatedException -->
          <reporter-output>
          </reporter-output>
        </test-method> <!-- NotificationPoup -->
        <test-method status="SKIP" signature="afterClass()[pri:0, instance:TestSc.welcomescreen@7b9a4292]" name="afterClass" is-config="true" duration-ms="0" started-at="2018-03-26T17:46:58Z" finished-at="2018-03-26T17:46:58Z">
          <reporter-output>
          </reporter-output>
        </test-method> <!-- afterClass -->
        <test-method status="SKIP" signature="afterSuite()[pri:0, instance:TestSc.welcomescreen@7b9a4292]" name="afterSuite" is-config="true" duration-ms="0" started-at="2018-03-26T17:47:04Z" finished-at="2018-03-26T17:47:04Z">
          <reporter-output>
          </reporter-output>
        </test-method> <!-- afterSuite -->
      </class> <!-- TestSc.welcomescreen -->
      <class name="TestSc.LoginPage">
        <test-method status="SKIP" signature="beforeClass(java.lang.String, java.lang.String, java.lang.String, java.lang.String, java.lang.String, java.lang.String, java.lang.String, java.lang.String, java.lang.String, java.lang.String, java.lang.String, java.lang.String, java.lang.String, java.lang.String, java.lang.String, java.lang.String, java.lang.String, java.lang.String, java.lang.String, java.lang.String, java.lang.String, java.lang.String, java.lang.String, java.lang.String, java.lang.String, java.lang.String, java.lang.String, java.lang.String)[pri:0, instance:TestSc.LoginPage@4a94ee4]" name="beforeClass" is-config="true" duration-ms="0" started-at="2018-03-26T17:46:58Z" finished-at="2018-03-26T17:46:58Z">
          <reporter-output>
          </reporter-output>
        </test-method> <!-- beforeClass -->
        <test-method status="SKIP" signature="beforeMethod(java.lang.reflect.Method, java.lang.String)[pri:0, instance:TestSc.LoginPage@4a94ee4]" name="beforeMethod" is-config="true" duration-ms="0" started-at="2018-03-26T17:46:59Z" finished-at="2018-03-26T17:46:59Z">
          <reporter-output>
          </reporter-output>
        </test-method> <!-- beforeMethod -->
        <test-method status="SKIP" signature="SelectCountryFromList(java.lang.String, java.lang.String, java.lang.String, java.lang.String, java.lang.String, java.lang.String, java.lang.String, java.lang.String, java.lang.String)[pri:7, instance:TestSc.LoginPage@4a94ee4]" name="SelectCountryFromList" duration-ms="0" started-at="2018-03-26T17:46:59Z" data-provider="details" finished-at="2018-03-26T17:46:59Z">
          <exception class="org.openqa.selenium.SessionNotCreatedException">
            <message>
              <![CDATA[Unable to create new remote session. desired capabilities = Capabilities [{app=/Users/anshulharinkhere/Library/Developer/Xcode/DerivedData/SoYou-dobzstlzhtfwkjdvgccohyhwlqfc/Build/Products/Debug-iphoneos/SoYou.app, noReset=false, xcodeOrgId=V862VGVUC2, bundleId=com.joyn.soyou, deviceName=iPhone, xcodeSigningId=Default, agentPath=/usr/local/lib/node_modules/appium/node_modules/appium-xcuitest-driver/WebDriverAgent/WebDriverAgent.xcodeproj, bootstrapPath=/usr/local/lib/node_modules/appium/node_modules/appium-xcuitest-driver/WebDriverAgent, platformVersion=11.1.2, automationName=XCUITest, useNewWDA=true, platformName=iOS, udid=0c4d88ae8ffeaac0a58b59b9f7d2a9788488203d, autoAcceptAlerts=true}], required capabilities = Capabilities [{}]
Build info: version: '3.3.1', revision: '5234b325d5', time: '2017-03-10 09:10:29 +0000'
System info: host: 'Anshuls-MacBook-Pro.local', ip: 'fe80:0:0:0:849:640d:bfc5:a48d%en0', os.name: 'Mac OS X', os.arch: 'x86_64', os.version: '10.12.6', java.version: '1.8.0_131'
Driver info: driver.version: IOSDriver]]>
            </message>
            <full-stacktrace>
              <![CDATA[org.openqa.selenium.SessionNotCreatedException: Unable to create new remote session. desired capabilities = Capabilities [{app=/Users/anshulharinkhere/Library/Developer/Xcode/DerivedData/SoYou-dobzstlzhtfwkjdvgccohyhwlqfc/Build/Products/Debug-iphoneos/SoYou.app, noReset=false, xcodeOrgId=V862VGVUC2, bundleId=com.joyn.soyou, deviceName=iPhone, xcodeSigningId=Default, agentPath=/usr/local/lib/node_modules/appium/node_modules/appium-xcuitest-driver/WebDriverAgent/WebDriverAgent.xcodeproj, bootstrapPath=/usr/local/lib/node_modules/appium/node_modules/appium-xcuitest-driver/WebDriverAgent, platformVersion=11.1.2, automationName=XCUITest, useNewWDA=true, platformName=iOS, udid=0c4d88ae8ffeaac0a58b59b9f7d2a9788488203d, autoAcceptAlerts=true}], required capabilities = Capabilities [{}]
Build info: version: '3.3.1', revision: '5234b325d5', time: '2017-03-10 09:10:29 +0000'
System info: host: 'Anshuls-MacBook-Pro.local', ip: 'fe80:0:0:0:849:640d:bfc5:a48d%en0', os.name: 'Mac OS X', os.arch: 'x86_64', os.version: '10.12.6', java.version: '1.8.0_131'
Driver info: driver.version: IOSDriver
	at io.appium.java_client.remote.AppiumProtocolHandShake.lambda$1(AppiumProtocolHandShake.java:96)
	at java.util.Optional.orElseThrow(Optional.java:290)
	at io.appium.java_client.remote.AppiumProtocolHandShake.createSession(AppiumProtocolHandShake.java:96)
	at io.appium.java_client.remote.AppiumCommandExecutor.doExecute(AppiumCommandExecutor.java:111)
	at io.appium.java_client.remote.AppiumCommandExecutor.execute(AppiumCommandExecutor.java:162)
	at org.openqa.selenium.remote.RemoteWebDriver.execute(RemoteWebDriver.java:604)
	at io.appium.java_client.DefaultGenericMobileDriver.execute(DefaultGenericMobileDriver.java:42)
	at io.appium.java_client.AppiumDriver.execute(AppiumDriver.java:1)
	at io.appium.java_client.ios.IOSDriver.execute(IOSDriver.java:1)
	at org.openqa.selenium.remote.RemoteWebDriver.startSession(RemoteWebDriver.java:244)
	at org.openqa.selenium.remote.RemoteWebDriver.<init>(RemoteWebDriver.java:131)
	at org.openqa.selenium.remote.RemoteWebDriver.<init>(RemoteWebDriver.java:144)
	at io.appium.java_client.DefaultGenericMobileDriver.<init>(DefaultGenericMobileDriver.java:38)
	at io.appium.java_client.AppiumDriver.<init>(AppiumDriver.java:88)
	at io.appium.java_client.AppiumDriver.<init>(AppiumDriver.java:112)
	at io.appium.java_client.ios.IOSDriver.<init>(IOSDriver.java:78)
	at com.framework.internal.feature.AppiumDriverFactory.getDriveriOS(AppiumDriverFactory.java:73)
	at com.framework.internal.feature.AppiumDriverInitializer.getAppiumDriverios(AppiumDriverInitializer.java:14)
	at com.framework.internal.feature.AppInitializer.beforeClass(AppInitializer.java:86)
	at sun.reflect.NativeMethodAccessorImpl.invoke0(Native Method)
	at sun.reflect.NativeMethodAccessorImpl.invoke(NativeMethodAccessorImpl.java:62)
	at sun.reflect.DelegatingMethodAccessorImpl.invoke(DelegatingMethodAccessorImpl.java:43)
	at java.lang.reflect.Method.invoke(Method.java:498)
	at org.testng.internal.MethodInvocationHelper.invokeMethod(MethodInvocationHelper.java:108)
	at org.testng.internal.Invoker.invokeConfigurationMethod(Invoker.java:523)
	at org.testng.internal.Invoker.invokeConfigurations(Invoker.java:224)
	at org.testng.internal.Invoker.invokeConfigurations(Invoker.java:146)
	at org.testng.internal.TestMethodWorker.invokeBeforeClassMethods(TestMethodWorker.java:166)
	at org.testng.internal.TestMethodWorker.run(TestMethodWorker.java:105)
	at org.testng.TestRunner.privateRun(TestRunner.java:744)
	at org.testng.TestRunner.run(TestRunner.java:602)
	at org.testng.SuiteRunner.runTest(SuiteRunner.java:380)
	at org.testng.SuiteRunner.runSequentially(SuiteRunner.java:375)
	at org.testng.SuiteRunner.privateRun(SuiteRunner.java:340)
	at org.testng.SuiteRunner.run(SuiteRunner.java:289)
	at org.testng.SuiteRunnerWorker.runSuite(SuiteRunnerWorker.java:52)
	at org.testng.SuiteRunnerWorker.run(SuiteRunnerWorker.java:86)
	at org.testng.TestNG.runSuitesSequentially(TestNG.java:1301)
	at org.testng.TestNG.runSuitesLocally(TestNG.java:1226)
	at org.testng.TestNG.runSuites(TestNG.java:1144)
	at org.testng.TestNG.run(TestNG.java:1115)
	at org.testng.remote.AbstractRemoteTestNG.run(AbstractRemoteTestNG.java:132)
	at org.testng.remote.RemoteTestNG.initAndRun(RemoteTestNG.java:230)
	at org.testng.remote.RemoteTestNG.main(RemoteTestNG.java:76)
]]>
            </full-stacktrace>
          </exception> <!-- org.openqa.selenium.SessionNotCreatedException -->
          <reporter-output>
          </reporter-output>
        </test-method> <!-- SelectCountryFromList -->
        <test-method status="SKIP" signature="beforeMethod(java.lang.reflect.Method, java.lang.String)[pri:0, instance:TestSc.LoginPage@4a94ee4]" name="beforeMethod" is-config="true" duration-ms="0" started-at="2018-03-26T17:46:59Z" finished-at="2018-03-26T17:46:59Z">
          <reporter-output>
          </reporter-output>
        </test-method> <!-- beforeMethod -->
        <test-method status="SKIP" signature="EnterMobileNumber(java.lang.String, java.lang.String, java.lang.String, java.lang.String, java.lang.String, java.lang.String, java.lang.String, java.lang.String, java.lang.String)[pri:8, instance:TestSc.LoginPage@4a94ee4]" name="EnterMobileNumber" duration-ms="0" started-at="2018-03-26T17:46:59Z" data-provider="details" finished-at="2018-03-26T17:46:59Z">
          <exception class="org.openqa.selenium.SessionNotCreatedException">
            <message>
              <![CDATA[Unable to create new remote session. desired capabilities = Capabilities [{app=/Users/anshulharinkhere/Library/Developer/Xcode/DerivedData/SoYou-dobzstlzhtfwkjdvgccohyhwlqfc/Build/Products/Debug-iphoneos/SoYou.app, noReset=false, xcodeOrgId=V862VGVUC2, bundleId=com.joyn.soyou, deviceName=iPhone, xcodeSigningId=Default, agentPath=/usr/local/lib/node_modules/appium/node_modules/appium-xcuitest-driver/WebDriverAgent/WebDriverAgent.xcodeproj, bootstrapPath=/usr/local/lib/node_modules/appium/node_modules/appium-xcuitest-driver/WebDriverAgent, platformVersion=11.1.2, automationName=XCUITest, useNewWDA=true, platformName=iOS, udid=0c4d88ae8ffeaac0a58b59b9f7d2a9788488203d, autoAcceptAlerts=true}], required capabilities = Capabilities [{}]
Build info: version: '3.3.1', revision: '5234b325d5', time: '2017-03-10 09:10:29 +0000'
System info: host: 'Anshuls-MacBook-Pro.local', ip: 'fe80:0:0:0:849:640d:bfc5:a48d%en0', os.name: 'Mac OS X', os.arch: 'x86_64', os.version: '10.12.6', java.version: '1.8.0_131'
Driver info: driver.version: IOSDriver]]>
            </message>
            <full-stacktrace>
              <![CDATA[org.openqa.selenium.SessionNotCreatedException: Unable to create new remote session. desired capabilities = Capabilities [{app=/Users/anshulharinkhere/Library/Developer/Xcode/DerivedData/SoYou-dobzstlzhtfwkjdvgccohyhwlqfc/Build/Products/Debug-iphoneos/SoYou.app, noReset=false, xcodeOrgId=V862VGVUC2, bundleId=com.joyn.soyou, deviceName=iPhone, xcodeSigningId=Default, agentPath=/usr/local/lib/node_modules/appium/node_modules/appium-xcuitest-driver/WebDriverAgent/WebDriverAgent.xcodeproj, bootstrapPath=/usr/local/lib/node_modules/appium/node_modules/appium-xcuitest-driver/WebDriverAgent, platformVersion=11.1.2, automationName=XCUITest, useNewWDA=true, platformName=iOS, udid=0c4d88ae8ffeaac0a58b59b9f7d2a9788488203d, autoAcceptAlerts=true}], required capabilities = Capabilities [{}]
Build info: version: '3.3.1', revision: '5234b325d5', time: '2017-03-10 09:10:29 +0000'
System info: host: 'Anshuls-MacBook-Pro.local', ip: 'fe80:0:0:0:849:640d:bfc5:a48d%en0', os.name: 'Mac OS X', os.arch: 'x86_64', os.version: '10.12.6', java.version: '1.8.0_131'
Driver info: driver.version: IOSDriver
	at io.appium.java_client.remote.AppiumProtocolHandShake.lambda$1(AppiumProtocolHandShake.java:96)
	at java.util.Optional.orElseThrow(Optional.java:290)
	at io.appium.java_client.remote.AppiumProtocolHandShake.createSession(AppiumProtocolHandShake.java:96)
	at io.appium.java_client.remote.AppiumCommandExecutor.doExecute(AppiumCommandExecutor.java:111)
	at io.appium.java_client.remote.AppiumCommandExecutor.execute(AppiumCommandExecutor.java:162)
	at org.openqa.selenium.remote.RemoteWebDriver.execute(RemoteWebDriver.java:604)
	at io.appium.java_client.DefaultGenericMobileDriver.execute(DefaultGenericMobileDriver.java:42)
	at io.appium.java_client.AppiumDriver.execute(AppiumDriver.java:1)
	at io.appium.java_client.ios.IOSDriver.execute(IOSDriver.java:1)
	at org.openqa.selenium.remote.RemoteWebDriver.startSession(RemoteWebDriver.java:244)
	at org.openqa.selenium.remote.RemoteWebDriver.<init>(RemoteWebDriver.java:131)
	at org.openqa.selenium.remote.RemoteWebDriver.<init>(RemoteWebDriver.java:144)
	at io.appium.java_client.DefaultGenericMobileDriver.<init>(DefaultGenericMobileDriver.java:38)
	at io.appium.java_client.AppiumDriver.<init>(AppiumDriver.java:88)
	at io.appium.java_client.AppiumDriver.<init>(AppiumDriver.java:112)
	at io.appium.java_client.ios.IOSDriver.<init>(IOSDriver.java:78)
	at com.framework.internal.feature.AppiumDriverFactory.getDriveriOS(AppiumDriverFactory.java:73)
	at com.framework.internal.feature.AppiumDriverInitializer.getAppiumDriverios(AppiumDriverInitializer.java:14)
	at com.framework.internal.feature.AppInitializer.beforeClass(AppInitializer.java:86)
	at sun.reflect.NativeMethodAccessorImpl.invoke0(Native Method)
	at sun.reflect.NativeMethodAccessorImpl.invoke(NativeMethodAccessorImpl.java:62)
	at sun.reflect.DelegatingMethodAccessorImpl.invoke(DelegatingMethodAccessorImpl.java:43)
	at java.lang.reflect.Method.invoke(Method.java:498)
	at org.testng.internal.MethodInvocationHelper.invokeMethod(MethodInvocationHelper.java:108)
	at org.testng.internal.Invoker.invokeConfigurationMethod(Invoker.java:523)
	at org.testng.internal.Invoker.invokeConfigurations(Invoker.java:224)
	at org.testng.internal.Invoker.invokeConfigurations(Invoker.java:146)
	at org.testng.internal.TestMethodWorker.invokeBeforeClassMethods(TestMethodWorker.java:166)
	at org.testng.internal.TestMethodWorker.run(TestMethodWorker.java:105)
	at org.testng.TestRunner.privateRun(TestRunner.java:744)
	at org.testng.TestRunner.run(TestRunner.java:602)
	at org.testng.SuiteRunner.runTest(SuiteRunner.java:380)
	at org.testng.SuiteRunner.runSequentially(SuiteRunner.java:375)
	at org.testng.SuiteRunner.privateRun(SuiteRunner.java:340)
	at org.testng.SuiteRunner.run(SuiteRunner.java:289)
	at org.testng.SuiteRunnerWorker.runSuite(SuiteRunnerWorker.java:52)
	at org.testng.SuiteRunnerWorker.run(SuiteRunnerWorker.java:86)
	at org.testng.TestNG.runSuitesSequentially(TestNG.java:1301)
	at org.testng.TestNG.runSuitesLocally(TestNG.java:1226)
	at org.testng.TestNG.runSuites(TestNG.java:1144)
	at org.testng.TestNG.run(TestNG.java:1115)
	at org.testng.remote.AbstractRemoteTestNG.run(AbstractRemoteTestNG.java:132)
	at org.testng.remote.RemoteTestNG.initAndRun(RemoteTestNG.java:230)
	at org.testng.remote.RemoteTestNG.main(RemoteTestNG.java:76)
]]>
            </full-stacktrace>
          </exception> <!-- org.openqa.selenium.SessionNotCreatedException -->
          <reporter-output>
          </reporter-output>
        </test-method> <!-- EnterMobileNumber -->
        <test-method status="SKIP" signature="beforeMethod(java.lang.reflect.Method, java.lang.String)[pri:0, instance:TestSc.LoginPage@4a94ee4]" name="beforeMethod" is-config="true" duration-ms="0" started-at="2018-03-26T17:46:59Z" finished-at="2018-03-26T17:46:59Z">
          <reporter-output>
          </reporter-output>
        </test-method> <!-- beforeMethod -->
        <test-method status="SKIP" signature="EnterOTPScreen()[pri:9, instance:TestSc.LoginPage@4a94ee4]" name="EnterOTPScreen" duration-ms="0" started-at="2018-03-26T17:46:59Z" finished-at="2018-03-26T17:46:59Z">
          <exception class="org.openqa.selenium.SessionNotCreatedException">
            <message>
              <![CDATA[Unable to create new remote session. desired capabilities = Capabilities [{app=/Users/anshulharinkhere/Library/Developer/Xcode/DerivedData/SoYou-dobzstlzhtfwkjdvgccohyhwlqfc/Build/Products/Debug-iphoneos/SoYou.app, noReset=false, xcodeOrgId=V862VGVUC2, bundleId=com.joyn.soyou, deviceName=iPhone, xcodeSigningId=Default, agentPath=/usr/local/lib/node_modules/appium/node_modules/appium-xcuitest-driver/WebDriverAgent/WebDriverAgent.xcodeproj, bootstrapPath=/usr/local/lib/node_modules/appium/node_modules/appium-xcuitest-driver/WebDriverAgent, platformVersion=11.1.2, automationName=XCUITest, useNewWDA=true, platformName=iOS, udid=0c4d88ae8ffeaac0a58b59b9f7d2a9788488203d, autoAcceptAlerts=true}], required capabilities = Capabilities [{}]
Build info: version: '3.3.1', revision: '5234b325d5', time: '2017-03-10 09:10:29 +0000'
System info: host: 'Anshuls-MacBook-Pro.local', ip: 'fe80:0:0:0:849:640d:bfc5:a48d%en0', os.name: 'Mac OS X', os.arch: 'x86_64', os.version: '10.12.6', java.version: '1.8.0_131'
Driver info: driver.version: IOSDriver]]>
            </message>
            <full-stacktrace>
              <![CDATA[org.openqa.selenium.SessionNotCreatedException: Unable to create new remote session. desired capabilities = Capabilities [{app=/Users/anshulharinkhere/Library/Developer/Xcode/DerivedData/SoYou-dobzstlzhtfwkjdvgccohyhwlqfc/Build/Products/Debug-iphoneos/SoYou.app, noReset=false, xcodeOrgId=V862VGVUC2, bundleId=com.joyn.soyou, deviceName=iPhone, xcodeSigningId=Default, agentPath=/usr/local/lib/node_modules/appium/node_modules/appium-xcuitest-driver/WebDriverAgent/WebDriverAgent.xcodeproj, bootstrapPath=/usr/local/lib/node_modules/appium/node_modules/appium-xcuitest-driver/WebDriverAgent, platformVersion=11.1.2, automationName=XCUITest, useNewWDA=true, platformName=iOS, udid=0c4d88ae8ffeaac0a58b59b9f7d2a9788488203d, autoAcceptAlerts=true}], required capabilities = Capabilities [{}]
Build info: version: '3.3.1', revision: '5234b325d5', time: '2017-03-10 09:10:29 +0000'
System info: host: 'Anshuls-MacBook-Pro.local', ip: 'fe80:0:0:0:849:640d:bfc5:a48d%en0', os.name: 'Mac OS X', os.arch: 'x86_64', os.version: '10.12.6', java.version: '1.8.0_131'
Driver info: driver.version: IOSDriver
	at io.appium.java_client.remote.AppiumProtocolHandShake.lambda$1(AppiumProtocolHandShake.java:96)
	at java.util.Optional.orElseThrow(Optional.java:290)
	at io.appium.java_client.remote.AppiumProtocolHandShake.createSession(AppiumProtocolHandShake.java:96)
	at io.appium.java_client.remote.AppiumCommandExecutor.doExecute(AppiumCommandExecutor.java:111)
	at io.appium.java_client.remote.AppiumCommandExecutor.execute(AppiumCommandExecutor.java:162)
	at org.openqa.selenium.remote.RemoteWebDriver.execute(RemoteWebDriver.java:604)
	at io.appium.java_client.DefaultGenericMobileDriver.execute(DefaultGenericMobileDriver.java:42)
	at io.appium.java_client.AppiumDriver.execute(AppiumDriver.java:1)
	at io.appium.java_client.ios.IOSDriver.execute(IOSDriver.java:1)
	at org.openqa.selenium.remote.RemoteWebDriver.startSession(RemoteWebDriver.java:244)
	at org.openqa.selenium.remote.RemoteWebDriver.<init>(RemoteWebDriver.java:131)
	at org.openqa.selenium.remote.RemoteWebDriver.<init>(RemoteWebDriver.java:144)
	at io.appium.java_client.DefaultGenericMobileDriver.<init>(DefaultGenericMobileDriver.java:38)
	at io.appium.java_client.AppiumDriver.<init>(AppiumDriver.java:88)
	at io.appium.java_client.AppiumDriver.<init>(AppiumDriver.java:112)
	at io.appium.java_client.ios.IOSDriver.<init>(IOSDriver.java:78)
	at com.framework.internal.feature.AppiumDriverFactory.getDriveriOS(AppiumDriverFactory.java:73)
	at com.framework.internal.feature.AppiumDriverInitializer.getAppiumDriverios(AppiumDriverInitializer.java:14)
	at com.framework.internal.feature.AppInitializer.beforeClass(AppInitializer.java:86)
	at sun.reflect.NativeMethodAccessorImpl.invoke0(Native Method)
	at sun.reflect.NativeMethodAccessorImpl.invoke(NativeMethodAccessorImpl.java:62)
	at sun.reflect.DelegatingMethodAccessorImpl.invoke(DelegatingMethodAccessorImpl.java:43)
	at java.lang.reflect.Method.invoke(Method.java:498)
	at org.testng.internal.MethodInvocationHelper.invokeMethod(MethodInvocationHelper.java:108)
	at org.testng.internal.Invoker.invokeConfigurationMethod(Invoker.java:523)
	at org.testng.internal.Invoker.invokeConfigurations(Invoker.java:224)
	at org.testng.internal.Invoker.invokeConfigurations(Invoker.java:146)
	at org.testng.internal.TestMethodWorker.invokeBeforeClassMethods(TestMethodWorker.java:166)
	at org.testng.internal.TestMethodWorker.run(TestMethodWorker.java:105)
	at org.testng.TestRunner.privateRun(TestRunner.java:744)
	at org.testng.TestRunner.run(TestRunner.java:602)
	at org.testng.SuiteRunner.runTest(SuiteRunner.java:380)
	at org.testng.SuiteRunner.runSequentially(SuiteRunner.java:375)
	at org.testng.SuiteRunner.privateRun(SuiteRunner.java:340)
	at org.testng.SuiteRunner.run(SuiteRunner.java:289)
	at org.testng.SuiteRunnerWorker.runSuite(SuiteRunnerWorker.java:52)
	at org.testng.SuiteRunnerWorker.run(SuiteRunnerWorker.java:86)
	at org.testng.TestNG.runSuitesSequentially(TestNG.java:1301)
	at org.testng.TestNG.runSuitesLocally(TestNG.java:1226)
	at org.testng.TestNG.runSuites(TestNG.java:1144)
	at org.testng.TestNG.run(TestNG.java:1115)
	at org.testng.remote.AbstractRemoteTestNG.run(AbstractRemoteTestNG.java:132)
	at org.testng.remote.RemoteTestNG.initAndRun(RemoteTestNG.java:230)
	at org.testng.remote.RemoteTestNG.main(RemoteTestNG.java:76)
]]>
            </full-stacktrace>
          </exception> <!-- org.openqa.selenium.SessionNotCreatedException -->
          <reporter-output>
          </reporter-output>
        </test-method> <!-- EnterOTPScreen -->
        <test-method status="SKIP" signature="afterClass()[pri:0, instance:TestSc.LoginPage@4a94ee4]" name="afterClass" is-config="true" duration-ms="0" started-at="2018-03-26T17:46:59Z" finished-at="2018-03-26T17:46:59Z">
          <reporter-output>
          </reporter-output>
        </test-method> <!-- afterClass -->
      </class> <!-- TestSc.LoginPage -->
    </test> <!-- soYou -->
  </suite> <!-- Regression Test -->
</testng-results>
