<?xml version="1.0" encoding="UTF-8"?>
<!-- Generated by org.testng.reporters.JUnitXMLReporter -->
<testsuite hostname="Anshuls-MacBook-Pro.local" ignored="0" name="RegressionAndroid" tests="1" failures="1" timestamp="22 Aug 2017 10:05:20 GMT" time="37.77" errors="0">
  <testcase name="MobileNumberScreenTest" time="12.851" classname="com.soYou.test.AndroidRegressiontest.Regressiontest">
    <failure type="org.openqa.selenium.NoSuchElementException" message="An element could not be located on the page using the given search parameters. (WARNING: The server did not provide any stacktrace information)
Command duration or timeout: 10.21 seconds
For documentation on this error, please visit: http://seleniumhq.org/exceptions/no_such_element.html
Build info: version: &amp;apos;3.3.1&amp;apos;, revision: &amp;apos;5234b325d5&amp;apos;, time: &amp;apos;2017-03-10 09:10:29 +0000&amp;apos;
System info: host: &amp;apos;Anshuls-MacBook-Pro.local&amp;apos;, ip: &amp;apos;fe80:0:0:0:1841:2621:4888:500e%en0&amp;apos;, os.name: &amp;apos;Mac OS X&amp;apos;, os.arch: &amp;apos;x86_64&amp;apos;, os.version: &amp;apos;10.12.5&amp;apos;, java.version: &amp;apos;1.8.0_131&amp;apos;
Driver info: io.appium.java_client.android.AndroidDriver
Capabilities [{app=/Users/anshulharinkhere/Documents/soYou-Android/app/build/outputs/apk/app-debug.apk, appPackage=com.joyn.soyou, deviceScreenSize=1080x1920, networkConnectionEnabled=true, noReset=false, warnings={}, databaseEnabled=false, deviceName=41009e1df26eb139, platform=LINUX, deviceUDID=41009e1df26eb139, appActivity=splash.SplashScreen, desired={app=/Users/anshulharinkhere/Documents/soYou-Android/app/build/outputs/apk/app-debug.apk, appPackage=com.joyn.soyou, appActivity=splash.SplashScreen, noReset=false, platformVersion=6.0, platformName=Android, deviceName=41009e1df26eb139}, platformVersion=6.0.1, webStorageEnabled=false, locationContextEnabled=false, takesScreenshot=true, javascriptEnabled=true, deviceModel=SM-A800F, platformName=Android, deviceManufacturer=samsung}]
Session ID: 31052090-f5bb-4e8d-8084-7e527a76f932
*** Element info: {Using=xpath, value=/hierarchy/android.widget.FrameLayout/android.widget.LinearLayout/android.widget.FrameLayout/android.widget.LinearLayout/android.widget.FrameLayout/android.widget.LinearLayout/android.widget.FrameLayout/android.widget.RelativeLayout/android.widget.LinarLayout/android.widget.TextView[2]}">
      <![CDATA[org.openqa.selenium.NoSuchElementException: An element could not be located on the page using the given search parameters. (WARNING: The server did not provide any stacktrace information)
Command duration or timeout: 10.21 seconds
For documentation on this error, please visit: http://seleniumhq.org/exceptions/no_such_element.html
Build info: version: '3.3.1', revision: '5234b325d5', time: '2017-03-10 09:10:29 +0000'
System info: host: 'Anshuls-MacBook-Pro.local', ip: 'fe80:0:0:0:1841:2621:4888:500e%en0', os.name: 'Mac OS X', os.arch: 'x86_64', os.version: '10.12.5', java.version: '1.8.0_131'
Driver info: io.appium.java_client.android.AndroidDriver
Capabilities [{app=/Users/anshulharinkhere/Documents/soYou-Android/app/build/outputs/apk/app-debug.apk, appPackage=com.joyn.soyou, deviceScreenSize=1080x1920, networkConnectionEnabled=true, noReset=false, warnings={}, databaseEnabled=false, deviceName=41009e1df26eb139, platform=LINUX, deviceUDID=41009e1df26eb139, appActivity=splash.SplashScreen, desired={app=/Users/anshulharinkhere/Documents/soYou-Android/app/build/outputs/apk/app-debug.apk, appPackage=com.joyn.soyou, appActivity=splash.SplashScreen, noReset=false, platformVersion=6.0, platformName=Android, deviceName=41009e1df26eb139}, platformVersion=6.0.1, webStorageEnabled=false, locationContextEnabled=false, takesScreenshot=true, javascriptEnabled=true, deviceModel=SM-A800F, platformName=Android, deviceManufacturer=samsung}]
Session ID: 31052090-f5bb-4e8d-8084-7e527a76f932
*** Element info: {Using=xpath, value=/hierarchy/android.widget.FrameLayout/android.widget.LinearLayout/android.widget.FrameLayout/android.widget.LinearLayout/android.widget.FrameLayout/android.widget.LinearLayout/android.widget.FrameLayout/android.widget.RelativeLayout/android.widget.LinarLayout/android.widget.TextView[2]}
	at org.openqa.selenium.remote.ErrorHandler.createThrowable(ErrorHandler.java:216)
	at org.openqa.selenium.remote.ErrorHandler.throwIfResponseFailed(ErrorHandler.java:168)
	at org.openqa.selenium.remote.RemoteWebDriver.execute(RemoteWebDriver.java:638)
	at io.appium.java_client.DefaultGenericMobileDriver.execute(DefaultGenericMobileDriver.java:42)
	at io.appium.java_client.AppiumDriver.execute(AppiumDriver.java:1)
	at io.appium.java_client.android.AndroidDriver.execute(AndroidDriver.java:1)
	at org.openqa.selenium.remote.RemoteWebDriver.findElement(RemoteWebDriver.java:371)
	at io.appium.java_client.DefaultGenericMobileDriver.findElement(DefaultGenericMobileDriver.java:62)
	at io.appium.java_client.AppiumDriver.findElement(AppiumDriver.java:1)
	at io.appium.java_client.android.AndroidDriver.findElement(AndroidDriver.java:1)
	at org.openqa.selenium.remote.RemoteWebDriver.findElementByXPath(RemoteWebDriver.java:476)
	at io.appium.java_client.DefaultGenericMobileDriver.findElementByXPath(DefaultGenericMobileDriver.java:140)
	at io.appium.java_client.AppiumDriver.findElementByXPath(AppiumDriver.java:1)
	at io.appium.java_client.android.AndroidDriver.findElementByXPath(AndroidDriver.java:1)
	at org.openqa.selenium.By$ByXPath.findElement(By.java:361)
	at org.openqa.selenium.remote.RemoteWebDriver.findElement(RemoteWebDriver.java:363)
	at io.appium.java_client.DefaultGenericMobileDriver.findElement(DefaultGenericMobileDriver.java:58)
	at io.appium.java_client.AppiumDriver.findElement(AppiumDriver.java:1)
	at io.appium.java_client.android.AndroidDriver.findElement(AndroidDriver.java:1)
	at com.soYou.obj.AndroidRegressiontest.Regressionobj.MobileNumSrcSubHeader(Regressionobj.java:83)
	at com.soYou.test.AndroidRegressiontest.Regressiontest.MobileNumberScreenTest(Regressiontest.java:68)
	at java.util.concurrent.FutureTask.run(FutureTask.java:266)
	at java.util.concurrent.ThreadPoolExecutor.runWorker(ThreadPoolExecutor.java:1142)
	at java.util.concurrent.ThreadPoolExecutor$Worker.run(ThreadPoolExecutor.java:617)
	at java.lang.Thread.run(Thread.java:748)
... Removed 20 stack frames]]>
    </failure>
  </testcase> <!-- MobileNumberScreenTest -->
</testsuite> <!-- RegressionAndroid -->
