<?xml version="1.0" encoding="UTF-8"?>
<!-- Generated by org.testng.reporters.JUnitXMLReporter -->
<testsuite hostname="Anshuls-MacBook-Pro.local" ignored="0" name="RegressionAndroid" tests="12" failures="0" timestamp="23 Mar 2018 11:38:10 GMT" time="890.624" errors="0">
  <testcase name="welcomeScreens" time="1.744" classname="com.soYou.test.AndroidRegressiontest.Regressiontest"/>
  <testcase name="MobileNumberScreenTest" time="17.922" classname="com.soYou.test.AndroidRegressiontest.Regressiontest"/>
  <testcase name="OTPScreenTest" time="41.358" classname="com.soYou.test.AndroidRegressiontest.Regressiontest"/>
  <testcase name="IntermidiateScreenTest" time="56.212" classname="com.soYou.test.AndroidRegressiontest.Regressiontest"/>
  <testcase name="Canvas" time="47.069" classname="com.soYou.test.AndroidRegressiontest.Regressiontest"/>
  <testcase name="BlockUserTest" time="26.963" classname="com.soYou.test.AndroidRegressiontest.Regressiontest"/>
  <testcase name="ComposeAndCommentonSentPost" time="280.043" classname="com.soYou.test.AndroidRegressiontest.Regressiontest"/>
  <testcase name="LoginExistingUserContact" time="37.45" classname="com.soYou.test.AndroidRegressiontest.Regressiontest"/>
  <testcase name="ResharePost" time="58.902" classname="com.soYou.test.AndroidRegressiontest.Regressiontest"/>
  <testcase name="CurrentUserLogin" time="31.613" classname="com.soYou.test.AndroidRegressiontest.Regressiontest"/>
  <testcase name="CreateChannel" time="217.367" classname="com.soYou.test.AndroidRegressiontest.Regressiontest"/>
  <testcase name="DeletePost" time="13.312" classname="com.soYou.test.AndroidRegressiontest.Regressiontest"/>
</testsuite> <!-- RegressionAndroid -->
