<?xml version="1.0" encoding="UTF-8"?>
<!-- Generated by org.testng.reporters.JUnitXMLReporter -->
<testsuite hostname="kirans-MacBook-Pro.local" name="soYou" tests="5" failures="0" timestamp="4 Oct 2017 05:28:26 GMT" time="273.176" errors="0">
  <testcase name="composeGiftFromCamera" time="45.271" classname="TestSc.composePage"/>
  <testcase name="composeImageGiftFromGallery" time="60.749" classname="TestSc.composePage"/>
  <testcase name="composeVideoGiftFromGallery" time="66.42" classname="TestSc.composePage"/>
  <testcase name="composetextasGift" time="37.384" classname="TestSc.composePage"/>
  <testcase name="composeWeblinkasGift" time="39.377" classname="TestSc.composePage"/>
</testsuite> <!-- soYou -->
