<?xml version="1.0" encoding="UTF-8"?>
<!-- Generated by org.testng.reporters.JUnitXMLReporter -->
<testsuite hostname="Anshuls-MacBook-Pro.local" ignored="2" name="soYou" tests="9" failures="0" timestamp="26 Mar 2018 12:29:12 GMT" time="160.153" errors="0">
  <testcase name="Welcomepage" time="3.532" classname="TestSc.welcomescreen"/>
  <testcase name="Welcomepage2" time="3.859" classname="TestSc.welcomescreen"/>
  <testcase name="Welcomepage3" time="5.09" classname="TestSc.welcomescreen"/>
  <testcase name="Welcomepage4" time="5.113" classname="TestSc.welcomescreen"/>
  <testcase name="Welcomepage5" time="3.621" classname="TestSc.welcomescreen"/>
  <testcase name="NotificationPoup" time="2.537" classname="TestSc.welcomescreen"/>
  <testcase name="SelectCountryFromList" time="35.303" classname="TestSc.LoginPage"/>
  <testcase name="EnterMobileNumber" time="24.874" classname="TestSc.LoginPage"/>
  <testcase name="EnterOTPScreen" time="30.741" classname="TestSc.LoginPage"/>
  <testcase name="@BeforeSuite beforeSuite" time="0.0" classname="com.framework.internal.feature.AppInitializer">
    <ignored/>
  </testcase> <!-- @BeforeSuite beforeSuite -->
  <testcase name="@AfterSuite afterSuite" time="0.0" classname="com.framework.internal.feature.AppInitializer">
    <ignored/>
  </testcase> <!-- @AfterSuite afterSuite -->
</testsuite> <!-- soYou -->
