<?xml version="1.0" encoding="UTF-8"?>
<!-- Generated by org.testng.reporters.JUnitXMLReporter -->
<testsuite hostname="kirans-MacBook-Pro.local" name="Test_Chrome" tests="4" failures="4" timestamp="30 Aug 2017 10:40:00 GMT" time="1.47" errors="0">
  <testcase name="NotificationPoup" time="0.018" classname="TestSc.LoginPage">
    <failure type="java.lang.NullPointerException">
      <![CDATA[java.lang.NullPointerException
	at pageobjects.LoginScreen.IsNotoficationPermissionPopupDisplayed(LoginScreen.java:153)
	at TestSc.LoginPage.NotificationPoup(LoginPage.java:29)
... Removed 25 stack frames]]>
    </failure>
  </testcase> <!-- NotificationPoup -->
  <testcase name="SelectCountryFromList" time="0.001" classname="TestSc.LoginPage">
    <failure type="java.lang.NullPointerException">
      <![CDATA[java.lang.NullPointerException
	at pageobjects.LoginScreen.IsNotoficationPermissionPopupDisplayed(LoginScreen.java:153)
	at pageobjects.LoginScreen.ISSelectCountryCellDisplayed(LoginScreen.java:113)
	at TestSc.LoginPage.SelectCountryFromList(LoginPage.java:38)
... Removed 25 stack frames]]>
    </failure>
  </testcase> <!-- SelectCountryFromList -->
  <testcase name="EnterMobileNumber" time="0.002" classname="TestSc.LoginPage">
    <failure type="java.lang.NullPointerException">
      <![CDATA[java.lang.NullPointerException
	at pageobjects.LoginScreen.VerifyMobileNumberTitle(LoginScreen.java:222)
	at TestSc.LoginPage.EnterMobileNumber(LoginPage.java:49)
... Removed 25 stack frames]]>
    </failure>
  </testcase> <!-- EnterMobileNumber -->
  <testcase name="EnterOTPScreen" time="0.001" classname="TestSc.LoginPage">
    <failure type="java.lang.NullPointerException">
      <![CDATA[java.lang.NullPointerException
	at pageobjects.LoginScreen.VerifyEnterOTPtitle(LoginScreen.java:211)
	at TestSc.LoginPage.EnterOTPScreen(LoginPage.java:61)
... Removed 25 stack frames]]>
    </failure>
  </testcase> <!-- EnterOTPScreen -->
</testsuite> <!-- Test_Chrome -->
