<?xml version="1.0" encoding="UTF-8"?>
<testsuite name="TestSuite" time="104.855" tests="10" errors="0" skipped="0" failures="0">
  <properties>
[...]
</properties>
  <testcase name="Welcomescreens" classname="com.loany.test.Signup.SeekerSignUp" time="17.776"/>
  <testcase name="mobileNumberScreen" classname="com.loany.test.Signup.SeekerSignUp" time="12.732"/>
  <testcase name="VerifyPIN" classname="com.loany.test.Signup.SeekerSignUp" time="21.753"/>
  <testcase name="AboutMeScreen" classname="com.loany.test.Signup.SeekerSignUp" time="17.111"/>
  <testcase name="LocationScreen" classname="com.loany.test.Signup.SeekerSignUp" time="3.402"/>
  <testcase name="LoanType" classname="com.loany.test.Signup.SeekerSignUp" time="16.754"/>
  <testcase name="LoanAmount" classname="com.loany.test.Signup.SeekerSignUp" time="2.172"/>
  <testcase name="ProfessionScreen" classname="com.loany.test.Signup.SeekerSignUp" time="6.922"/>
  <testcase name="MonthlySalarySrc" classname="com.loany.test.Signup.SeekerSignUp" time="3.695"/>
  <testcase name="EMIScreen" classname="com.loany.test.Signup.SeekerSignUp" time="2.538"/>
</testsuite>