<?xml version="1.0" encoding="UTF-8"?>
<testng-results skipped="0" failed="0" ignored="0" total="10" passed="10">
  <reporter-output>
    <line>
      <![CDATA[Check whether PIN Text Field Showing Text or not]]>
    </line>
    <line>
      <![CDATA[Check whether Header On Monthly Salary Screen Showing or not]]>
    </line>
    <line>
      <![CDATA[Check whether Sub Header On Monthly Salary Screen Showing or not]]>
    </line>
  </reporter-output>
  <suite name="Regression Test" duration-ms="133349" started-at="2017-06-28T03:19:01Z" finished-at="2017-06-28T03:21:14Z">
    <groups>
    </groups>
    <test name="SeekerSignUp" duration-ms="133349" started-at="2017-06-28T03:19:01Z" finished-at="2017-06-28T03:21:14Z">
      <class name="com.loany.test.Signup.SeekerSignUp">
        <test-method status="PASS" signature="beforeSuite(java.lang.String)[pri:0, instance:com.loany.test.Signup.SeekerSignUp@1ead6e20]" name="beforeSuite" is-config="true" duration-ms="632" started-at="2017-06-28T08:49:00Z" finished-at="2017-06-28T08:49:01Z">
          <params>
            <param index="0">
              <value>
                <![CDATA[Loany]]>
              </value>
            </param>
          </params>
          <reporter-output>
          </reporter-output>
        </test-method> <!-- beforeSuite -->
        <test-method status="PASS" signature="beforeClass(java.lang.String, java.lang.String, java.lang.String, java.lang.String, java.lang.String, java.lang.String, java.lang.String, java.lang.String, java.lang.String, java.lang.String)[pri:0, instance:com.loany.test.Signup.SeekerSignUp@1ead6e20]" name="beforeClass" is-config="true" duration-ms="25389" started-at="2017-06-28T08:49:01Z" finished-at="2017-06-28T08:49:26Z">
          <params>
            <param index="0">
              <value>
                <![CDATA[mobile]]>
              </value>
            </param>
            <param index="1">
              <value>
                <![CDATA[http://127.0.0.1:4723/wd/hub]]>
              </value>
            </param>
            <param index="2">
              <value>
                <![CDATA[3a2b130]]>
              </value>
            </param>
            <param index="3">
              <value>
                <![CDATA[6.0]]>
              </value>
            </param>
            <param index="4">
              <value>
                <![CDATA[android]]>
              </value>
            </param>
            <param index="5">
              <value>
                <![CDATA[mobile_chrome]]>
              </value>
            </param>
            <param index="6">
              <value>
                <![CDATA[true]]>
              </value>
            </param>
            <param index="7">
              <value>
                <![CDATA[default]]>
              </value>
            </param>
            <param index="8">
              <value>
                <![CDATA[testserver]]>
              </value>
            </param>
            <param index="9">
              <value>
                <![CDATA[com.gyanmatrix.loany]]>
              </value>
            </param>
          </params>
          <reporter-output>
          </reporter-output>
        </test-method> <!-- beforeClass -->
        <test-method status="PASS" signature="beforeMethod(java.lang.reflect.Method, java.lang.String)[pri:0, instance:com.loany.test.Signup.SeekerSignUp@1ead6e20]" name="beforeMethod" is-config="true" duration-ms="17" started-at="2017-06-28T08:49:28Z" finished-at="2017-06-28T08:49:28Z">
          <params>
            <param index="0">
              <value>
                <![CDATA[public void com.loany.test.Signup.SeekerSignUp.Welcomescreens(java.lang.String,java.lang.String,java.lang.String,java.lang.String,java.lang.String,java.lang.String,java.lang.String,java.lang.String,java.lang.String) throws java.io.IOException,java.lang.InterruptedException]]>
              </value>
            </param>
            <param index="1">
              <value>
                <![CDATA[mobile_chrome]]>
              </value>
            </param>
          </params>
          <reporter-output>
          </reporter-output>
        </test-method> <!-- beforeMethod -->
        <test-method status="PASS" signature="Welcomescreens(java.lang.String, java.lang.String, java.lang.String, java.lang.String, java.lang.String, java.lang.String, java.lang.String, java.lang.String, java.lang.String)[pri:1, instance:com.loany.test.Signup.SeekerSignUp@1ead6e20]" name="Welcomescreens" duration-ms="17776" started-at="2017-06-28T08:49:28Z" data-provider="WelcomeSrc" finished-at="2017-06-28T08:49:45Z">
          <params>
            <param index="0">
              <value>
                <![CDATA[SKIP]]>
              </value>
            </param>
            <param index="1">
              <value>
                <![CDATA[Search for agents near you]]>
              </value>
            </param>
            <param index="2">
              <value>
                <![CDATA[You can look for agents near you, and notify the ones which look promising.]]>
              </value>
            </param>
            <param index="3">
              <value>
                <![CDATA[Chat with your agents]]>
              </value>
            </param>
            <param index="4">
              <value>
                <![CDATA[Stay connected with agents to provide more information and know your loan status.]]>
              </value>
            </param>
            <param index="5">
              <value>
                <![CDATA[Create cards with your info]]>
              </value>
            </param>
            <param index="6">
              <value>
                <![CDATA[Create once and share with different agents whenever required.]]>
              </value>
            </param>
            <param index="7">
              <value>
                <![CDATA[Share your details as Cards]]>
              </value>
            </param>
            <param index="8">
              <value>
                <![CDATA[A more interactive chat with cards, so you don't have to text everything]]>
              </value>
            </param>
          </params>
          <reporter-output>
          </reporter-output>
        </test-method> <!-- Welcomescreens -->
        <test-method status="PASS" signature="afterMethod(org.testng.ITestResult)[pri:0, instance:com.loany.test.Signup.SeekerSignUp@1ead6e20]" name="afterMethod" is-config="true" duration-ms="593" started-at="2017-06-28T08:49:45Z" finished-at="2017-06-28T08:49:46Z">
          <params>
            <param index="0">
              <value>
                <![CDATA[[TestResult name=Welcomescreens status=SUCCESS method=SeekerSignUp.Welcomescreens(java.lang.String, java.lang.String, java.lang.String, java.lang.String, java.lang.String, java.lang.String, java.lang.String, java.lang.String, java.lang.String)[pri:1, instance:com.loany.test.Signup.SeekerSignUp@1ead6e20] output={null}]]]>
              </value>
            </param>
          </params>
          <reporter-output>
          </reporter-output>
        </test-method> <!-- afterMethod -->
        <test-method status="PASS" signature="beforeMethod(java.lang.reflect.Method, java.lang.String)[pri:0, instance:com.loany.test.Signup.SeekerSignUp@1ead6e20]" name="beforeMethod" is-config="true" duration-ms="0" started-at="2017-06-28T08:49:46Z" finished-at="2017-06-28T08:49:46Z">
          <params>
            <param index="0">
              <value>
                <![CDATA[public void com.loany.test.Signup.SeekerSignUp.mobileNumberScreen(java.lang.String,java.lang.String,java.lang.String,java.lang.String) throws java.io.IOException,java.lang.InterruptedException]]>
              </value>
            </param>
            <param index="1">
              <value>
                <![CDATA[mobile_chrome]]>
              </value>
            </param>
          </params>
          <reporter-output>
          </reporter-output>
        </test-method> <!-- beforeMethod -->
        <test-method status="PASS" signature="mobileNumberScreen(java.lang.String, java.lang.String, java.lang.String, java.lang.String)[pri:2, instance:com.loany.test.Signup.SeekerSignUp@1ead6e20]" name="mobileNumberScreen" duration-ms="12732" started-at="2017-06-28T08:49:46Z" data-provider="MobileNoSrc" finished-at="2017-06-28T08:49:59Z">
          <params>
            <param index="0">
              <value>
                <![CDATA[Mobile Number]]>
              </value>
            </param>
            <param index="1">
              <value>
                <![CDATA[Please enter your valid mobile number to which the verification code will be sent.]]>
              </value>
            </param>
            <param index="2">
              <value>
                <![CDATA[Ind(+91)]]>
              </value>
            </param>
            <param index="3">
              <value>
                <![CDATA[Mobile Number]]>
              </value>
            </param>
          </params>
          <reporter-output>
          </reporter-output>
        </test-method> <!-- mobileNumberScreen -->
        <test-method status="PASS" signature="afterMethod(org.testng.ITestResult)[pri:0, instance:com.loany.test.Signup.SeekerSignUp@1ead6e20]" name="afterMethod" is-config="true" duration-ms="96" started-at="2017-06-28T08:49:59Z" finished-at="2017-06-28T08:49:59Z">
          <params>
            <param index="0">
              <value>
                <![CDATA[[TestResult name=mobileNumberScreen status=SUCCESS method=SeekerSignUp.mobileNumberScreen(java.lang.String, java.lang.String, java.lang.String, java.lang.String)[pri:2, instance:com.loany.test.Signup.SeekerSignUp@1ead6e20] output={null}]]]>
              </value>
            </param>
          </params>
          <reporter-output>
          </reporter-output>
        </test-method> <!-- afterMethod -->
        <test-method status="PASS" signature="VerifyPIN(java.lang.String, java.lang.String, java.lang.String, java.lang.String, java.lang.String)[pri:3, instance:com.loany.test.Signup.SeekerSignUp@1ead6e20]" name="VerifyPIN" duration-ms="21753" started-at="2017-06-28T08:49:59Z" data-provider="OTPScreen" finished-at="2017-06-28T08:50:21Z">
          <params>
            <param index="0">
              <value>
                <![CDATA[Verify PIN Number]]>
              </value>
            </param>
            <param index="1">
              <value>
                <![CDATA[Yet to receive SMS ?]]>
              </value>
            </param>
            <param index="2">
              <value>
                <![CDATA[If you already received PIN, please enter below]]>
              </value>
            </param>
            <param index="3">
              <value>
                <![CDATA[Enter your PIN]]>
              </value>
            </param>
            <param index="4">
              <value>
                <![CDATA[VERIFY PIN]]>
              </value>
            </param>
          </params>
          <reporter-output>
            <line>
              <![CDATA[Check whether PIN Text Field Showing Text or not]]>
            </line>
          </reporter-output>
        </test-method> <!-- VerifyPIN -->
        <test-method status="PASS" signature="beforeMethod(java.lang.reflect.Method, java.lang.String)[pri:0, instance:com.loany.test.Signup.SeekerSignUp@1ead6e20]" name="beforeMethod" is-config="true" duration-ms="0" started-at="2017-06-28T08:49:59Z" finished-at="2017-06-28T08:49:59Z">
          <params>
            <param index="0">
              <value>
                <![CDATA[public void com.loany.test.Signup.SeekerSignUp.VerifyPIN(java.lang.String,java.lang.String,java.lang.String,java.lang.String,java.lang.String) throws java.io.IOException,java.lang.InterruptedException]]>
              </value>
            </param>
            <param index="1">
              <value>
                <![CDATA[mobile_chrome]]>
              </value>
            </param>
          </params>
          <reporter-output>
          </reporter-output>
        </test-method> <!-- beforeMethod -->
        <test-method status="PASS" signature="afterMethod(org.testng.ITestResult)[pri:0, instance:com.loany.test.Signup.SeekerSignUp@1ead6e20]" name="afterMethod" is-config="true" duration-ms="60" started-at="2017-06-28T08:50:21Z" finished-at="2017-06-28T08:50:21Z">
          <params>
            <param index="0">
              <value>
                <![CDATA[[TestResult name=VerifyPIN status=SUCCESS method=SeekerSignUp.VerifyPIN(java.lang.String, java.lang.String, java.lang.String, java.lang.String, java.lang.String)[pri:3, instance:com.loany.test.Signup.SeekerSignUp@1ead6e20] output=Check whether PIN Text Field Showing Text or not]]]>
              </value>
            </param>
          </params>
          <reporter-output>
          </reporter-output>
        </test-method> <!-- afterMethod -->
        <test-method status="PASS" signature="beforeMethod(java.lang.reflect.Method, java.lang.String)[pri:0, instance:com.loany.test.Signup.SeekerSignUp@1ead6e20]" name="beforeMethod" is-config="true" duration-ms="0" started-at="2017-06-28T08:50:21Z" finished-at="2017-06-28T08:50:21Z">
          <params>
            <param index="0">
              <value>
                <![CDATA[public void com.loany.test.Signup.SeekerSignUp.AboutMeScreen(java.lang.String,java.lang.String) throws java.io.IOException,java.lang.InterruptedException]]>
              </value>
            </param>
            <param index="1">
              <value>
                <![CDATA[mobile_chrome]]>
              </value>
            </param>
          </params>
          <reporter-output>
          </reporter-output>
        </test-method> <!-- beforeMethod -->
        <test-method status="PASS" signature="AboutMeScreen(java.lang.String, java.lang.String)[pri:4, instance:com.loany.test.Signup.SeekerSignUp@1ead6e20]" name="AboutMeScreen" duration-ms="17110" started-at="2017-06-28T08:50:21Z" data-provider="AboutMeSrcn" finished-at="2017-06-28T08:50:38Z">
          <params>
            <param index="0">
              <value>
                <![CDATA[About Me]]>
              </value>
            </param>
            <param index="1">
              <value>
                <![CDATA[NEXT]]>
              </value>
            </param>
          </params>
          <reporter-output>
          </reporter-output>
        </test-method> <!-- AboutMeScreen -->
        <test-method status="PASS" signature="afterMethod(org.testng.ITestResult)[pri:0, instance:com.loany.test.Signup.SeekerSignUp@1ead6e20]" name="afterMethod" is-config="true" duration-ms="66" started-at="2017-06-28T08:50:38Z" finished-at="2017-06-28T08:50:38Z">
          <params>
            <param index="0">
              <value>
                <![CDATA[[TestResult name=AboutMeScreen status=SUCCESS method=SeekerSignUp.AboutMeScreen(java.lang.String, java.lang.String)[pri:4, instance:com.loany.test.Signup.SeekerSignUp@1ead6e20] output={null}]]]>
              </value>
            </param>
          </params>
          <reporter-output>
          </reporter-output>
        </test-method> <!-- afterMethod -->
        <test-method status="PASS" signature="LocationScreen(java.lang.String, java.lang.String, java.lang.String)[pri:5, instance:com.loany.test.Signup.SeekerSignUp@1ead6e20]" name="LocationScreen" duration-ms="3402" started-at="2017-06-28T08:50:38Z" data-provider="LocationScreen" finished-at="2017-06-28T08:50:42Z">
          <params>
            <param index="0">
              <value>
                <![CDATA[Where do you need agents for loan?]]>
              </value>
            </param>
            <param index="1">
              <value>
                <![CDATA[PREVIOUS]]>
              </value>
            </param>
            <param index="2">
              <value>
                <![CDATA[NEXT]]>
              </value>
            </param>
          </params>
          <reporter-output>
          </reporter-output>
        </test-method> <!-- LocationScreen -->
        <test-method status="PASS" signature="beforeMethod(java.lang.reflect.Method, java.lang.String)[pri:0, instance:com.loany.test.Signup.SeekerSignUp@1ead6e20]" name="beforeMethod" is-config="true" duration-ms="0" started-at="2017-06-28T08:50:38Z" finished-at="2017-06-28T08:50:38Z">
          <params>
            <param index="0">
              <value>
                <![CDATA[public void com.loany.test.Signup.SeekerSignUp.LocationScreen(java.lang.String,java.lang.String,java.lang.String) throws java.io.IOException]]>
              </value>
            </param>
            <param index="1">
              <value>
                <![CDATA[mobile_chrome]]>
              </value>
            </param>
          </params>
          <reporter-output>
          </reporter-output>
        </test-method> <!-- beforeMethod -->
        <test-method status="PASS" signature="afterMethod(org.testng.ITestResult)[pri:0, instance:com.loany.test.Signup.SeekerSignUp@1ead6e20]" name="afterMethod" is-config="true" duration-ms="70" started-at="2017-06-28T08:50:42Z" finished-at="2017-06-28T08:50:42Z">
          <params>
            <param index="0">
              <value>
                <![CDATA[[TestResult name=LocationScreen status=SUCCESS method=SeekerSignUp.LocationScreen(java.lang.String, java.lang.String, java.lang.String)[pri:5, instance:com.loany.test.Signup.SeekerSignUp@1ead6e20] output={null}]]]>
              </value>
            </param>
          </params>
          <reporter-output>
          </reporter-output>
        </test-method> <!-- afterMethod -->
        <test-method status="PASS" signature="beforeMethod(java.lang.reflect.Method, java.lang.String)[pri:0, instance:com.loany.test.Signup.SeekerSignUp@1ead6e20]" name="beforeMethod" is-config="true" duration-ms="1" started-at="2017-06-28T08:50:42Z" finished-at="2017-06-28T08:50:42Z">
          <params>
            <param index="0">
              <value>
                <![CDATA[public void com.loany.test.Signup.SeekerSignUp.LoanType(java.lang.String) throws java.io.IOException,java.lang.InterruptedException]]>
              </value>
            </param>
            <param index="1">
              <value>
                <![CDATA[mobile_chrome]]>
              </value>
            </param>
          </params>
          <reporter-output>
          </reporter-output>
        </test-method> <!-- beforeMethod -->
        <test-method status="PASS" signature="LoanType(java.lang.String)[pri:6, instance:com.loany.test.Signup.SeekerSignUp@1ead6e20]" name="LoanType" duration-ms="16754" started-at="2017-06-28T08:50:42Z" data-provider="LoanTyp" finished-at="2017-06-28T08:50:59Z">
          <params>
            <param index="0">
              <value>
                <![CDATA[Loan Type cannot be changed in future]]>
              </value>
            </param>
          </params>
          <reporter-output>
          </reporter-output>
        </test-method> <!-- LoanType -->
        <test-method status="PASS" signature="afterMethod(org.testng.ITestResult)[pri:0, instance:com.loany.test.Signup.SeekerSignUp@1ead6e20]" name="afterMethod" is-config="true" duration-ms="135" started-at="2017-06-28T08:50:59Z" finished-at="2017-06-28T08:50:59Z">
          <params>
            <param index="0">
              <value>
                <![CDATA[[TestResult name=LoanType status=SUCCESS method=SeekerSignUp.LoanType(java.lang.String)[pri:6, instance:com.loany.test.Signup.SeekerSignUp@1ead6e20] output={null}]]]>
              </value>
            </param>
          </params>
          <reporter-output>
          </reporter-output>
        </test-method> <!-- afterMethod -->
        <test-method status="PASS" signature="beforeMethod(java.lang.reflect.Method, java.lang.String)[pri:0, instance:com.loany.test.Signup.SeekerSignUp@1ead6e20]" name="beforeMethod" is-config="true" duration-ms="1" started-at="2017-06-28T08:50:59Z" finished-at="2017-06-28T08:50:59Z">
          <params>
            <param index="0">
              <value>
                <![CDATA[public void com.loany.test.Signup.SeekerSignUp.LoanAmount(java.lang.String,java.lang.String,java.lang.String,java.lang.String,java.lang.String) throws java.io.IOException]]>
              </value>
            </param>
            <param index="1">
              <value>
                <![CDATA[mobile_chrome]]>
              </value>
            </param>
          </params>
          <reporter-output>
          </reporter-output>
        </test-method> <!-- beforeMethod -->
        <test-method status="PASS" signature="LoanAmount(java.lang.String, java.lang.String, java.lang.String, java.lang.String, java.lang.String)[pri:7, instance:com.loany.test.Signup.SeekerSignUp@1ead6e20]" name="LoanAmount" duration-ms="2172" started-at="2017-06-28T08:50:59Z" data-provider="LoanAmtSrc" finished-at="2017-06-28T08:51:01Z">
          <params>
            <param index="0">
              <value>
                <![CDATA[I Need Loan Amount]]>
              </value>
            </param>
            <param index="1">
              <value>
                <![CDATA[How much money do you need?]]>
              </value>
            </param>
            <param index="2">
              <value>
                <![CDATA[Amount]]>
              </value>
            </param>
            <param index="3">
              <value>
                <![CDATA[PREVIOUS]]>
              </value>
            </param>
            <param index="4">
              <value>
                <![CDATA[NEXT]]>
              </value>
            </param>
          </params>
          <reporter-output>
          </reporter-output>
        </test-method> <!-- LoanAmount -->
        <test-method status="PASS" signature="afterMethod(org.testng.ITestResult)[pri:0, instance:com.loany.test.Signup.SeekerSignUp@1ead6e20]" name="afterMethod" is-config="true" duration-ms="57" started-at="2017-06-28T08:51:01Z" finished-at="2017-06-28T08:51:01Z">
          <params>
            <param index="0">
              <value>
                <![CDATA[[TestResult name=LoanAmount status=SUCCESS method=SeekerSignUp.LoanAmount(java.lang.String, java.lang.String, java.lang.String, java.lang.String, java.lang.String)[pri:7, instance:com.loany.test.Signup.SeekerSignUp@1ead6e20] output={null}]]]>
              </value>
            </param>
          </params>
          <reporter-output>
          </reporter-output>
        </test-method> <!-- afterMethod -->
        <test-method status="PASS" signature="ProfessionScreen(java.lang.String, java.lang.String, java.lang.String, java.lang.String, java.lang.String, java.lang.String)[pri:7, instance:com.loany.test.Signup.SeekerSignUp@1ead6e20]" name="ProfessionScreen" duration-ms="6922" started-at="2017-06-28T08:51:01Z" data-provider="ProfessionScreen" finished-at="2017-06-28T08:51:08Z">
          <params>
            <param index="0">
              <value>
                <![CDATA[How do you earn?]]>
              </value>
            </param>
            <param index="1">
              <value>
                <![CDATA[Salaried]]>
              </value>
            </param>
            <param index="2">
              <value>
                <![CDATA[Business]]>
              </value>
            </param>
            <param index="3">
              <value>
                <![CDATA[Self Employed]]>
              </value>
            </param>
            <param index="4">
              <value>
                <![CDATA[PREVIOUS]]>
              </value>
            </param>
            <param index="5">
              <value>
                <![CDATA[NEXT]]>
              </value>
            </param>
          </params>
          <reporter-output>
          </reporter-output>
        </test-method> <!-- ProfessionScreen -->
        <test-method status="PASS" signature="beforeMethod(java.lang.reflect.Method, java.lang.String)[pri:0, instance:com.loany.test.Signup.SeekerSignUp@1ead6e20]" name="beforeMethod" is-config="true" duration-ms="0" started-at="2017-06-28T08:51:01Z" finished-at="2017-06-28T08:51:01Z">
          <params>
            <param index="0">
              <value>
                <![CDATA[public void com.loany.test.Signup.SeekerSignUp.ProfessionScreen(java.lang.String,java.lang.String,java.lang.String,java.lang.String,java.lang.String,java.lang.String) throws java.io.IOException]]>
              </value>
            </param>
            <param index="1">
              <value>
                <![CDATA[mobile_chrome]]>
              </value>
            </param>
          </params>
          <reporter-output>
          </reporter-output>
        </test-method> <!-- beforeMethod -->
        <test-method status="PASS" signature="afterMethod(org.testng.ITestResult)[pri:0, instance:com.loany.test.Signup.SeekerSignUp@1ead6e20]" name="afterMethod" is-config="true" duration-ms="53" started-at="2017-06-28T08:51:08Z" finished-at="2017-06-28T08:51:08Z">
          <params>
            <param index="0">
              <value>
                <![CDATA[[TestResult name=ProfessionScreen status=SUCCESS method=SeekerSignUp.ProfessionScreen(java.lang.String, java.lang.String, java.lang.String, java.lang.String, java.lang.String, java.lang.String)[pri:7, instance:com.loany.test.Signup.SeekerSignUp@1ead6e20] output={null}]]]>
              </value>
            </param>
          </params>
          <reporter-output>
          </reporter-output>
        </test-method> <!-- afterMethod -->
        <test-method status="PASS" signature="beforeMethod(java.lang.reflect.Method, java.lang.String)[pri:0, instance:com.loany.test.Signup.SeekerSignUp@1ead6e20]" name="beforeMethod" is-config="true" duration-ms="1" started-at="2017-06-28T08:51:08Z" finished-at="2017-06-28T08:51:08Z">
          <params>
            <param index="0">
              <value>
                <![CDATA[public void com.loany.test.Signup.SeekerSignUp.MonthlySalarySrc(java.lang.String,java.lang.String,java.lang.String,java.lang.String,java.lang.String) throws java.io.IOException]]>
              </value>
            </param>
            <param index="1">
              <value>
                <![CDATA[mobile_chrome]]>
              </value>
            </param>
          </params>
          <reporter-output>
          </reporter-output>
        </test-method> <!-- beforeMethod -->
        <test-method status="PASS" signature="MonthlySalarySrc(java.lang.String, java.lang.String, java.lang.String, java.lang.String, java.lang.String)[pri:8, instance:com.loany.test.Signup.SeekerSignUp@1ead6e20]" name="MonthlySalarySrc" duration-ms="3695" started-at="2017-06-28T08:51:08Z" data-provider="MonthlySalarySrc" finished-at="2017-06-28T08:51:12Z">
          <params>
            <param index="0">
              <value>
                <![CDATA[My Monthly Income]]>
              </value>
            </param>
            <param index="1">
              <value>
                <![CDATA[*Please enter your monthly take home salary]]>
              </value>
            </param>
            <param index="2">
              <value>
                <![CDATA[Amount]]>
              </value>
            </param>
            <param index="3">
              <value>
                <![CDATA[PREVIOUS]]>
              </value>
            </param>
            <param index="4">
              <value>
                <![CDATA[NEXT]]>
              </value>
            </param>
          </params>
          <reporter-output>
            <line>
              <![CDATA[Check whether Header On Monthly Salary Screen Showing or not]]>
            </line>
            <line>
              <![CDATA[Check whether Sub Header On Monthly Salary Screen Showing or not]]>
            </line>
          </reporter-output>
        </test-method> <!-- MonthlySalarySrc -->
        <test-method status="PASS" signature="afterMethod(org.testng.ITestResult)[pri:0, instance:com.loany.test.Signup.SeekerSignUp@1ead6e20]" name="afterMethod" is-config="true" duration-ms="66" started-at="2017-06-28T08:51:12Z" finished-at="2017-06-28T08:51:12Z">
          <params>
            <param index="0">
              <value>
                <![CDATA[[TestResult name=MonthlySalarySrc status=SUCCESS method=SeekerSignUp.MonthlySalarySrc(java.lang.String, java.lang.String, java.lang.String, java.lang.String, java.lang.String)[pri:8, instance:com.loany.test.Signup.SeekerSignUp@1ead6e20] output=Check whether Header On Monthly Salary Screen Showing or not]]]>
              </value>
            </param>
          </params>
          <reporter-output>
          </reporter-output>
        </test-method> <!-- afterMethod -->
        <test-method status="PASS" signature="beforeMethod(java.lang.reflect.Method, java.lang.String)[pri:0, instance:com.loany.test.Signup.SeekerSignUp@1ead6e20]" name="beforeMethod" is-config="true" duration-ms="1" started-at="2017-06-28T08:51:12Z" finished-at="2017-06-28T08:51:12Z">
          <params>
            <param index="0">
              <value>
                <![CDATA[public void com.loany.test.Signup.SeekerSignUp.EMIScreen(java.lang.String,java.lang.String,java.lang.String,java.lang.String,java.lang.String) throws java.io.IOException,java.lang.InterruptedException]]>
              </value>
            </param>
            <param index="1">
              <value>
                <![CDATA[mobile_chrome]]>
              </value>
            </param>
          </params>
          <reporter-output>
          </reporter-output>
        </test-method> <!-- beforeMethod -->
        <test-method status="PASS" signature="EMIScreen(java.lang.String, java.lang.String, java.lang.String, java.lang.String, java.lang.String)[pri:9, instance:com.loany.test.Signup.SeekerSignUp@1ead6e20]" name="EMIScreen" duration-ms="2538" started-at="2017-06-28T08:51:12Z" data-provider="EMISrc" finished-at="2017-06-28T08:51:14Z">
          <params>
            <param index="0">
              <value>
                <![CDATA[Existing EMIs]]>
              </value>
            </param>
            <param index="1">
              <value>
                <![CDATA[*Please enter your existing loan EMIs]]>
              </value>
            </param>
            <param index="2">
              <value>
                <![CDATA[Amount]]>
              </value>
            </param>
            <param index="3">
              <value>
                <![CDATA[PREVIOUS]]>
              </value>
            </param>
            <param index="4">
              <value>
                <![CDATA[DONE]]>
              </value>
            </param>
          </params>
          <reporter-output>
          </reporter-output>
        </test-method> <!-- EMIScreen -->
        <test-method status="PASS" signature="afterMethod(org.testng.ITestResult)[pri:0, instance:com.loany.test.Signup.SeekerSignUp@1ead6e20]" name="afterMethod" is-config="true" duration-ms="44" started-at="2017-06-28T08:51:14Z" finished-at="2017-06-28T08:51:14Z">
          <params>
            <param index="0">
              <value>
                <![CDATA[[TestResult name=EMIScreen status=SUCCESS method=SeekerSignUp.EMIScreen(java.lang.String, java.lang.String, java.lang.String, java.lang.String, java.lang.String)[pri:9, instance:com.loany.test.Signup.SeekerSignUp@1ead6e20] output={null}]]]>
              </value>
            </param>
          </params>
          <reporter-output>
          </reporter-output>
        </test-method> <!-- afterMethod -->
        <test-method status="PASS" signature="afterClasss()[pri:0, instance:com.loany.test.Signup.SeekerSignUp@1ead6e20]" name="afterClasss" is-config="true" duration-ms="0" started-at="2017-06-28T08:51:14Z" finished-at="2017-06-28T08:51:14Z">
          <reporter-output>
          </reporter-output>
        </test-method> <!-- afterClasss -->
        <test-method status="PASS" signature="afterSuite()[pri:0, instance:com.loany.test.Signup.SeekerSignUp@1ead6e20]" name="afterSuite" is-config="true" duration-ms="64" started-at="2017-06-28T08:51:15Z" finished-at="2017-06-28T08:51:15Z">
          <reporter-output>
          </reporter-output>
        </test-method> <!-- afterSuite -->
      </class> <!-- com.loany.test.Signup.SeekerSignUp -->
    </test> <!-- SeekerSignUp -->
  </suite> <!-- Regression Test -->
</testng-results>
