<?xml version="1.0" encoding="UTF-8"?>
<!-- Generated by org.testng.reporters.JUnitXMLReporter -->
<testsuite hostname="DESKTOP-V3NB9Q4" ignored="0" name="Seeker SignUp" tests="10" failures="6" timestamp="21 Jun 2017 07:17:11 GMT" time="129.069" errors="0">
  <testcase name="Welcomescreens" time="15.913" classname="com.loany.test.Signup.SeekerSignUp"/>
  <testcase name="mobileNumberScreen" time="13.05" classname="com.loany.test.Signup.SeekerSignUp"/>
  <testcase name="VerifyPIN" time="22.039" classname="com.loany.test.Signup.SeekerSignUp"/>
  <testcase name="AboutMeScreen" time="17.489" classname="com.loany.test.Signup.SeekerSignUp"/>
  <testcase name="LocationScreen" time="45.672" classname="com.loany.test.Signup.SeekerSignUp">
    <failure type="org.openqa.selenium.WebDriverException" message="UiAutomator died while responding to command, please check appium logs! (WARNING: The server did not provide any stacktrace information)
Command duration or timeout: 42.19 seconds
Build info: version: &amp;apos;3.3.1&amp;apos;, revision: &amp;apos;5234b325d5&amp;apos;, time: &amp;apos;2017-03-10 09:10:29 +0000&amp;apos;
System info: host: &amp;apos;DESKTOP-V3NB9Q4&amp;apos;, ip: &amp;apos;10.0.75.1&amp;apos;, os.name: &amp;apos;Windows 10&amp;apos;, os.arch: &amp;apos;amd64&amp;apos;, os.version: &amp;apos;10.0&amp;apos;, java.version: &amp;apos;1.8.0_101&amp;apos;
Driver info: io.appium.java_client.android.AndroidDriver
Capabilities [{appPackage=com.gyanmatrix.loany, networkConnectionEnabled=true, noReset=false, warnings={}, databaseEnabled=false, deviceName=3a2b130, platform=LINUX, appActivity=SplashScreen_, desired={appPackage=com.gyanmatrix.loany, appActivity=SplashScreen_, noReset=false, platformVersion=5.0, platformName=Android, deviceName=3a2b130}, platformVersion=4.4.4, webStorageEnabled=false, locationContextEnabled=false, browserName=Android, takesScreenshot=true, javascriptEnabled=true, platformName=Android}]
Session ID: 4fa5155e-2636-48aa-80b1-c461da42b92c">
      <![CDATA[org.openqa.selenium.WebDriverException: UiAutomator died while responding to command, please check appium logs! (WARNING: The server did not provide any stacktrace information)
Command duration or timeout: 42.19 seconds
Build info: version: '3.3.1', revision: '5234b325d5', time: '2017-03-10 09:10:29 +0000'
System info: host: 'DESKTOP-V3NB9Q4', ip: '10.0.75.1', os.name: 'Windows 10', os.arch: 'amd64', os.version: '10.0', java.version: '1.8.0_101'
Driver info: io.appium.java_client.android.AndroidDriver
Capabilities [{appPackage=com.gyanmatrix.loany, networkConnectionEnabled=true, noReset=false, warnings={}, databaseEnabled=false, deviceName=3a2b130, platform=LINUX, appActivity=SplashScreen_, desired={appPackage=com.gyanmatrix.loany, appActivity=SplashScreen_, noReset=false, platformVersion=5.0, platformName=Android, deviceName=3a2b130}, platformVersion=4.4.4, webStorageEnabled=false, locationContextEnabled=false, browserName=Android, takesScreenshot=true, javascriptEnabled=true, platformName=Android}]
Session ID: 4fa5155e-2636-48aa-80b1-c461da42b92c
	at org.openqa.selenium.remote.ErrorHandler.createThrowable(ErrorHandler.java:216)
	at org.openqa.selenium.remote.ErrorHandler.throwIfResponseFailed(ErrorHandler.java:168)
	at org.openqa.selenium.remote.RemoteWebDriver.execute(RemoteWebDriver.java:638)
	at io.appium.java_client.DefaultGenericMobileDriver.execute(DefaultGenericMobileDriver.java:40)
	at io.appium.java_client.AppiumDriver.execute(AppiumDriver.java:1)
	at io.appium.java_client.android.AndroidDriver.execute(AndroidDriver.java:1)
	at org.openqa.selenium.remote.RemoteWebElement.execute(RemoteWebElement.java:274)
	at io.appium.java_client.DefaultGenericMobileElement.execute(DefaultGenericMobileElement.java:33)
	at io.appium.java_client.MobileElement.execute(MobileElement.java:1)
	at io.appium.java_client.android.AndroidElement.execute(AndroidElement.java:1)
	at org.openqa.selenium.remote.RemoteWebElement.click(RemoteWebElement.java:84)
	at com.loany.obj.Signup.ObjSeekerSignUp.IsNextButtonOnLocationScreenclicking(ObjSeekerSignUp.java:942)
	at com.loany.test.Signup.SeekerSignUp.LocationScreen(SeekerSignUp.java:198)
... Removed 29 stack frames]]>
    </failure>
  </testcase> <!-- LocationScreen -->
  <testcase name="LoanType" time="4.013" classname="com.loany.test.Signup.SeekerSignUp">
    <failure type="org.openqa.selenium.NoSuchSessionException" message="
Command duration or timeout: 9 milliseconds
Build info: version: &amp;apos;3.3.1&amp;apos;, revision: &amp;apos;5234b325d5&amp;apos;, time: &amp;apos;2017-03-10 09:10:29 +0000&amp;apos;
System info: host: &amp;apos;DESKTOP-V3NB9Q4&amp;apos;, ip: &amp;apos;10.0.75.1&amp;apos;, os.name: &amp;apos;Windows 10&amp;apos;, os.arch: &amp;apos;amd64&amp;apos;, os.version: &amp;apos;10.0&amp;apos;, java.version: &amp;apos;1.8.0_101&amp;apos;
Driver info: io.appium.java_client.android.AndroidDriver
Capabilities [{appPackage=com.gyanmatrix.loany, networkConnectionEnabled=true, noReset=false, warnings={}, databaseEnabled=false, deviceName=3a2b130, platform=LINUX, appActivity=SplashScreen_, desired={appPackage=com.gyanmatrix.loany, appActivity=SplashScreen_, noReset=false, platformVersion=5.0, platformName=Android, deviceName=3a2b130}, platformVersion=4.4.4, webStorageEnabled=false, locationContextEnabled=false, browserName=Android, takesScreenshot=true, javascriptEnabled=true, platformName=Android}]
Session ID: 4fa5155e-2636-48aa-80b1-c461da42b92c
*** Element info: {Using=xpath, value=//android.widget.LinearLayout[@index=&amp;apos;0&amp;apos;]/android.widget.FrameLayout[@index=&amp;apos;0&amp;apos;]/android.widget.RelativeLayout[@index=&amp;apos;0&amp;apos;]}">
      <![CDATA[org.openqa.selenium.NoSuchSessionException: 
Command duration or timeout: 9 milliseconds
Build info: version: '3.3.1', revision: '5234b325d5', time: '2017-03-10 09:10:29 +0000'
System info: host: 'DESKTOP-V3NB9Q4', ip: '10.0.75.1', os.name: 'Windows 10', os.arch: 'amd64', os.version: '10.0', java.version: '1.8.0_101'
Driver info: io.appium.java_client.android.AndroidDriver
Capabilities [{appPackage=com.gyanmatrix.loany, networkConnectionEnabled=true, noReset=false, warnings={}, databaseEnabled=false, deviceName=3a2b130, platform=LINUX, appActivity=SplashScreen_, desired={appPackage=com.gyanmatrix.loany, appActivity=SplashScreen_, noReset=false, platformVersion=5.0, platformName=Android, deviceName=3a2b130}, platformVersion=4.4.4, webStorageEnabled=false, locationContextEnabled=false, browserName=Android, takesScreenshot=true, javascriptEnabled=true, platformName=Android}]
Session ID: 4fa5155e-2636-48aa-80b1-c461da42b92c
*** Element info: {Using=xpath, value=//android.widget.LinearLayout[@index='0']/android.widget.FrameLayout[@index='0']/android.widget.RelativeLayout[@index='0']}
	at org.openqa.selenium.remote.ErrorHandler.createThrowable(ErrorHandler.java:216)
	at org.openqa.selenium.remote.ErrorHandler.throwIfResponseFailed(ErrorHandler.java:168)
	at org.openqa.selenium.remote.RemoteWebDriver.execute(RemoteWebDriver.java:638)
	at io.appium.java_client.DefaultGenericMobileDriver.execute(DefaultGenericMobileDriver.java:40)
	at io.appium.java_client.AppiumDriver.execute(AppiumDriver.java:1)
	at io.appium.java_client.android.AndroidDriver.execute(AndroidDriver.java:1)
	at org.openqa.selenium.remote.RemoteWebDriver.findElement(RemoteWebDriver.java:371)
	at io.appium.java_client.DefaultGenericMobileDriver.findElement(DefaultGenericMobileDriver.java:56)
	at io.appium.java_client.AppiumDriver.findElement(AppiumDriver.java:1)
	at io.appium.java_client.android.AndroidDriver.findElement(AndroidDriver.java:1)
	at org.openqa.selenium.remote.RemoteWebDriver.findElementByXPath(RemoteWebDriver.java:476)
	at io.appium.java_client.DefaultGenericMobileDriver.findElementByXPath(DefaultGenericMobileDriver.java:134)
	at io.appium.java_client.AppiumDriver.findElementByXPath(AppiumDriver.java:1)
	at io.appium.java_client.android.AndroidDriver.findElementByXPath(AndroidDriver.java:1)
	at org.openqa.selenium.By$ByXPath.findElement(By.java:361)
	at org.openqa.selenium.remote.RemoteWebDriver.findElement(RemoteWebDriver.java:363)
	at io.appium.java_client.DefaultGenericMobileDriver.findElement(DefaultGenericMobileDriver.java:52)
	at io.appium.java_client.AppiumDriver.findElement(AppiumDriver.java:1)
	at io.appium.java_client.android.AndroidDriver.findElement(AndroidDriver.java:1)
	at com.loany.obj.Signup.ObjSeekerSignUp.SelectHomeLoanType(ObjSeekerSignUp.java:972)
	at com.loany.test.Signup.SeekerSignUp.LoanType(SeekerSignUp.java:217)
... Removed 29 stack frames]]>
    </failure>
  </testcase> <!-- LoanType -->
  <testcase name="LoanAmount" time="0.019" classname="com.loany.test.Signup.SeekerSignUp">
    <failure type="org.openqa.selenium.NoSuchSessionException" message="
Command duration or timeout: 12 milliseconds
Build info: version: &amp;apos;3.3.1&amp;apos;, revision: &amp;apos;5234b325d5&amp;apos;, time: &amp;apos;2017-03-10 09:10:29 +0000&amp;apos;
System info: host: &amp;apos;DESKTOP-V3NB9Q4&amp;apos;, ip: &amp;apos;10.0.75.1&amp;apos;, os.name: &amp;apos;Windows 10&amp;apos;, os.arch: &amp;apos;amd64&amp;apos;, os.version: &amp;apos;10.0&amp;apos;, java.version: &amp;apos;1.8.0_101&amp;apos;
Driver info: io.appium.java_client.android.AndroidDriver
Capabilities [{appPackage=com.gyanmatrix.loany, networkConnectionEnabled=true, noReset=false, warnings={}, databaseEnabled=false, deviceName=3a2b130, platform=LINUX, appActivity=SplashScreen_, desired={appPackage=com.gyanmatrix.loany, appActivity=SplashScreen_, noReset=false, platformVersion=5.0, platformName=Android, deviceName=3a2b130}, platformVersion=4.4.4, webStorageEnabled=false, locationContextEnabled=false, browserName=Android, takesScreenshot=true, javascriptEnabled=true, platformName=Android}]
Session ID: 4fa5155e-2636-48aa-80b1-c461da42b92c
*** Element info: {Using=id, value=com.gyanmatrix.loany:id/tvTitle}">
      <![CDATA[org.openqa.selenium.NoSuchSessionException: 
Command duration or timeout: 12 milliseconds
Build info: version: '3.3.1', revision: '5234b325d5', time: '2017-03-10 09:10:29 +0000'
System info: host: 'DESKTOP-V3NB9Q4', ip: '10.0.75.1', os.name: 'Windows 10', os.arch: 'amd64', os.version: '10.0', java.version: '1.8.0_101'
Driver info: io.appium.java_client.android.AndroidDriver
Capabilities [{appPackage=com.gyanmatrix.loany, networkConnectionEnabled=true, noReset=false, warnings={}, databaseEnabled=false, deviceName=3a2b130, platform=LINUX, appActivity=SplashScreen_, desired={appPackage=com.gyanmatrix.loany, appActivity=SplashScreen_, noReset=false, platformVersion=5.0, platformName=Android, deviceName=3a2b130}, platformVersion=4.4.4, webStorageEnabled=false, locationContextEnabled=false, browserName=Android, takesScreenshot=true, javascriptEnabled=true, platformName=Android}]
Session ID: 4fa5155e-2636-48aa-80b1-c461da42b92c
*** Element info: {Using=id, value=com.gyanmatrix.loany:id/tvTitle}
	at org.openqa.selenium.remote.ErrorHandler.createThrowable(ErrorHandler.java:216)
	at org.openqa.selenium.remote.ErrorHandler.throwIfResponseFailed(ErrorHandler.java:168)
	at org.openqa.selenium.remote.RemoteWebDriver.execute(RemoteWebDriver.java:638)
	at io.appium.java_client.DefaultGenericMobileDriver.execute(DefaultGenericMobileDriver.java:40)
	at io.appium.java_client.AppiumDriver.execute(AppiumDriver.java:1)
	at io.appium.java_client.android.AndroidDriver.execute(AndroidDriver.java:1)
	at org.openqa.selenium.remote.RemoteWebDriver.findElement(RemoteWebDriver.java:371)
	at io.appium.java_client.DefaultGenericMobileDriver.findElement(DefaultGenericMobileDriver.java:56)
	at io.appium.java_client.AppiumDriver.findElement(AppiumDriver.java:1)
	at io.appium.java_client.android.AndroidDriver.findElement(AndroidDriver.java:1)
	at org.openqa.selenium.remote.RemoteWebDriver.findElementById(RemoteWebDriver.java:420)
	at io.appium.java_client.DefaultGenericMobileDriver.findElementById(DefaultGenericMobileDriver.java:64)
	at io.appium.java_client.AppiumDriver.findElementById(AppiumDriver.java:1)
	at io.appium.java_client.android.AndroidDriver.findElementById(AndroidDriver.java:1)
	at org.openqa.selenium.By$ById.findElement(By.java:218)
	at org.openqa.selenium.remote.RemoteWebDriver.findElement(RemoteWebDriver.java:363)
	at io.appium.java_client.DefaultGenericMobileDriver.findElement(DefaultGenericMobileDriver.java:52)
	at io.appium.java_client.AppiumDriver.findElement(AppiumDriver.java:1)
	at io.appium.java_client.android.AndroidDriver.findElement(AndroidDriver.java:1)
	at com.loany.obj.Signup.ObjSeekerSignUp.InLoanAmountScreenHeaderDiplaying(ObjSeekerSignUp.java:1083)
	at com.loany.test.Signup.SeekerSignUp.LoanAmount(SeekerSignUp.java:243)
... Removed 29 stack frames]]>
    </failure>
  </testcase> <!-- LoanAmount -->
  <testcase name="ProfessionScreen" time="0.012" classname="com.loany.test.Signup.SeekerSignUp">
    <failure type="org.openqa.selenium.NoSuchSessionException" message="
Command duration or timeout: 7 milliseconds
Build info: version: &amp;apos;3.3.1&amp;apos;, revision: &amp;apos;5234b325d5&amp;apos;, time: &amp;apos;2017-03-10 09:10:29 +0000&amp;apos;
System info: host: &amp;apos;DESKTOP-V3NB9Q4&amp;apos;, ip: &amp;apos;10.0.75.1&amp;apos;, os.name: &amp;apos;Windows 10&amp;apos;, os.arch: &amp;apos;amd64&amp;apos;, os.version: &amp;apos;10.0&amp;apos;, java.version: &amp;apos;1.8.0_101&amp;apos;
Driver info: io.appium.java_client.android.AndroidDriver
Capabilities [{appPackage=com.gyanmatrix.loany, networkConnectionEnabled=true, noReset=false, warnings={}, databaseEnabled=false, deviceName=3a2b130, platform=LINUX, appActivity=SplashScreen_, desired={appPackage=com.gyanmatrix.loany, appActivity=SplashScreen_, noReset=false, platformVersion=5.0, platformName=Android, deviceName=3a2b130}, platformVersion=4.4.4, webStorageEnabled=false, locationContextEnabled=false, browserName=Android, takesScreenshot=true, javascriptEnabled=true, platformName=Android}]
Session ID: 4fa5155e-2636-48aa-80b1-c461da42b92c
*** Element info: {Using=id, value=com.gyanmatrix.loany:id/iconImgVw}">
      <![CDATA[org.openqa.selenium.NoSuchSessionException: 
Command duration or timeout: 7 milliseconds
Build info: version: '3.3.1', revision: '5234b325d5', time: '2017-03-10 09:10:29 +0000'
System info: host: 'DESKTOP-V3NB9Q4', ip: '10.0.75.1', os.name: 'Windows 10', os.arch: 'amd64', os.version: '10.0', java.version: '1.8.0_101'
Driver info: io.appium.java_client.android.AndroidDriver
Capabilities [{appPackage=com.gyanmatrix.loany, networkConnectionEnabled=true, noReset=false, warnings={}, databaseEnabled=false, deviceName=3a2b130, platform=LINUX, appActivity=SplashScreen_, desired={appPackage=com.gyanmatrix.loany, appActivity=SplashScreen_, noReset=false, platformVersion=5.0, platformName=Android, deviceName=3a2b130}, platformVersion=4.4.4, webStorageEnabled=false, locationContextEnabled=false, browserName=Android, takesScreenshot=true, javascriptEnabled=true, platformName=Android}]
Session ID: 4fa5155e-2636-48aa-80b1-c461da42b92c
*** Element info: {Using=id, value=com.gyanmatrix.loany:id/iconImgVw}
	at org.openqa.selenium.remote.ErrorHandler.createThrowable(ErrorHandler.java:216)
	at org.openqa.selenium.remote.ErrorHandler.throwIfResponseFailed(ErrorHandler.java:168)
	at org.openqa.selenium.remote.RemoteWebDriver.execute(RemoteWebDriver.java:638)
	at io.appium.java_client.DefaultGenericMobileDriver.execute(DefaultGenericMobileDriver.java:40)
	at io.appium.java_client.AppiumDriver.execute(AppiumDriver.java:1)
	at io.appium.java_client.android.AndroidDriver.execute(AndroidDriver.java:1)
	at org.openqa.selenium.remote.RemoteWebDriver.findElement(RemoteWebDriver.java:371)
	at io.appium.java_client.DefaultGenericMobileDriver.findElement(DefaultGenericMobileDriver.java:56)
	at io.appium.java_client.AppiumDriver.findElement(AppiumDriver.java:1)
	at io.appium.java_client.android.AndroidDriver.findElement(AndroidDriver.java:1)
	at org.openqa.selenium.remote.RemoteWebDriver.findElementById(RemoteWebDriver.java:420)
	at io.appium.java_client.DefaultGenericMobileDriver.findElementById(DefaultGenericMobileDriver.java:64)
	at io.appium.java_client.AppiumDriver.findElementById(AppiumDriver.java:1)
	at io.appium.java_client.android.AndroidDriver.findElementById(AndroidDriver.java:1)
	at org.openqa.selenium.By$ById.findElement(By.java:218)
	at org.openqa.selenium.remote.RemoteWebDriver.findElement(RemoteWebDriver.java:363)
	at io.appium.java_client.DefaultGenericMobileDriver.findElement(DefaultGenericMobileDriver.java:52)
	at io.appium.java_client.AppiumDriver.findElement(AppiumDriver.java:1)
	at io.appium.java_client.android.AndroidDriver.findElement(AndroidDriver.java:1)
	at com.loany.obj.Signup.ObjSeekerSignUp.IsProfessionScreenLogoDisplaying(ObjSeekerSignUp.java:1212)
	at com.loany.test.Signup.SeekerSignUp.ProfessionScreen(SeekerSignUp.java:270)
... Removed 29 stack frames]]>
    </failure>
  </testcase> <!-- ProfessionScreen -->
  <testcase name="MonthlySalarySrc" time="0.006" classname="com.loany.test.Signup.SeekerSignUp">
    <failure type="org.openqa.selenium.NoSuchSessionException" message="
Command duration or timeout: 4 milliseconds
Build info: version: &amp;apos;3.3.1&amp;apos;, revision: &amp;apos;5234b325d5&amp;apos;, time: &amp;apos;2017-03-10 09:10:29 +0000&amp;apos;
System info: host: &amp;apos;DESKTOP-V3NB9Q4&amp;apos;, ip: &amp;apos;10.0.75.1&amp;apos;, os.name: &amp;apos;Windows 10&amp;apos;, os.arch: &amp;apos;amd64&amp;apos;, os.version: &amp;apos;10.0&amp;apos;, java.version: &amp;apos;1.8.0_101&amp;apos;
Driver info: io.appium.java_client.android.AndroidDriver
Capabilities [{appPackage=com.gyanmatrix.loany, networkConnectionEnabled=true, noReset=false, warnings={}, databaseEnabled=false, deviceName=3a2b130, platform=LINUX, appActivity=SplashScreen_, desired={appPackage=com.gyanmatrix.loany, appActivity=SplashScreen_, noReset=false, platformVersion=5.0, platformName=Android, deviceName=3a2b130}, platformVersion=4.4.4, webStorageEnabled=false, locationContextEnabled=false, browserName=Android, takesScreenshot=true, javascriptEnabled=true, platformName=Android}]
Session ID: 4fa5155e-2636-48aa-80b1-c461da42b92c
*** Element info: {Using=id, value=com.gyanmatrix.loany:id/tvTitle}">
      <![CDATA[org.openqa.selenium.NoSuchSessionException: 
Command duration or timeout: 4 milliseconds
Build info: version: '3.3.1', revision: '5234b325d5', time: '2017-03-10 09:10:29 +0000'
System info: host: 'DESKTOP-V3NB9Q4', ip: '10.0.75.1', os.name: 'Windows 10', os.arch: 'amd64', os.version: '10.0', java.version: '1.8.0_101'
Driver info: io.appium.java_client.android.AndroidDriver
Capabilities [{appPackage=com.gyanmatrix.loany, networkConnectionEnabled=true, noReset=false, warnings={}, databaseEnabled=false, deviceName=3a2b130, platform=LINUX, appActivity=SplashScreen_, desired={appPackage=com.gyanmatrix.loany, appActivity=SplashScreen_, noReset=false, platformVersion=5.0, platformName=Android, deviceName=3a2b130}, platformVersion=4.4.4, webStorageEnabled=false, locationContextEnabled=false, browserName=Android, takesScreenshot=true, javascriptEnabled=true, platformName=Android}]
Session ID: 4fa5155e-2636-48aa-80b1-c461da42b92c
*** Element info: {Using=id, value=com.gyanmatrix.loany:id/tvTitle}
	at org.openqa.selenium.remote.ErrorHandler.createThrowable(ErrorHandler.java:216)
	at org.openqa.selenium.remote.ErrorHandler.throwIfResponseFailed(ErrorHandler.java:168)
	at org.openqa.selenium.remote.RemoteWebDriver.execute(RemoteWebDriver.java:638)
	at io.appium.java_client.DefaultGenericMobileDriver.execute(DefaultGenericMobileDriver.java:40)
	at io.appium.java_client.AppiumDriver.execute(AppiumDriver.java:1)
	at io.appium.java_client.android.AndroidDriver.execute(AndroidDriver.java:1)
	at org.openqa.selenium.remote.RemoteWebDriver.findElement(RemoteWebDriver.java:371)
	at io.appium.java_client.DefaultGenericMobileDriver.findElement(DefaultGenericMobileDriver.java:56)
	at io.appium.java_client.AppiumDriver.findElement(AppiumDriver.java:1)
	at io.appium.java_client.android.AndroidDriver.findElement(AndroidDriver.java:1)
	at org.openqa.selenium.remote.RemoteWebDriver.findElementById(RemoteWebDriver.java:420)
	at io.appium.java_client.DefaultGenericMobileDriver.findElementById(DefaultGenericMobileDriver.java:64)
	at io.appium.java_client.AppiumDriver.findElementById(AppiumDriver.java:1)
	at io.appium.java_client.android.AndroidDriver.findElementById(AndroidDriver.java:1)
	at org.openqa.selenium.By$ById.findElement(By.java:218)
	at org.openqa.selenium.remote.RemoteWebDriver.findElement(RemoteWebDriver.java:363)
	at io.appium.java_client.DefaultGenericMobileDriver.findElement(DefaultGenericMobileDriver.java:52)
	at io.appium.java_client.AppiumDriver.findElement(AppiumDriver.java:1)
	at io.appium.java_client.android.AndroidDriver.findElement(AndroidDriver.java:1)
	at com.loany.obj.Signup.ObjSeekerSignUp.IsHeaderOnMonthlySalaryScreenShowing(ObjSeekerSignUp.java:1285)
	at com.loany.test.Signup.SeekerSignUp.MonthlySalarySrc(SeekerSignUp.java:294)
... Removed 29 stack frames]]>
    </failure>
  </testcase> <!-- MonthlySalarySrc -->
  <testcase name="EMIScreen" time="0.009" classname="com.loany.test.Signup.SeekerSignUp">
    <failure type="org.openqa.selenium.NoSuchSessionException" message="
Command duration or timeout: 7 milliseconds
Build info: version: &amp;apos;3.3.1&amp;apos;, revision: &amp;apos;5234b325d5&amp;apos;, time: &amp;apos;2017-03-10 09:10:29 +0000&amp;apos;
System info: host: &amp;apos;DESKTOP-V3NB9Q4&amp;apos;, ip: &amp;apos;10.0.75.1&amp;apos;, os.name: &amp;apos;Windows 10&amp;apos;, os.arch: &amp;apos;amd64&amp;apos;, os.version: &amp;apos;10.0&amp;apos;, java.version: &amp;apos;1.8.0_101&amp;apos;
Driver info: io.appium.java_client.android.AndroidDriver
Capabilities [{appPackage=com.gyanmatrix.loany, networkConnectionEnabled=true, noReset=false, warnings={}, databaseEnabled=false, deviceName=3a2b130, platform=LINUX, appActivity=SplashScreen_, desired={appPackage=com.gyanmatrix.loany, appActivity=SplashScreen_, noReset=false, platformVersion=5.0, platformName=Android, deviceName=3a2b130}, platformVersion=4.4.4, webStorageEnabled=false, locationContextEnabled=false, browserName=Android, takesScreenshot=true, javascriptEnabled=true, platformName=Android}]
Session ID: 4fa5155e-2636-48aa-80b1-c461da42b92c
*** Element info: {Using=id, value=com.gyanmatrix.loany:id/tvTitle}">
      <![CDATA[org.openqa.selenium.NoSuchSessionException: 
Command duration or timeout: 7 milliseconds
Build info: version: '3.3.1', revision: '5234b325d5', time: '2017-03-10 09:10:29 +0000'
System info: host: 'DESKTOP-V3NB9Q4', ip: '10.0.75.1', os.name: 'Windows 10', os.arch: 'amd64', os.version: '10.0', java.version: '1.8.0_101'
Driver info: io.appium.java_client.android.AndroidDriver
Capabilities [{appPackage=com.gyanmatrix.loany, networkConnectionEnabled=true, noReset=false, warnings={}, databaseEnabled=false, deviceName=3a2b130, platform=LINUX, appActivity=SplashScreen_, desired={appPackage=com.gyanmatrix.loany, appActivity=SplashScreen_, noReset=false, platformVersion=5.0, platformName=Android, deviceName=3a2b130}, platformVersion=4.4.4, webStorageEnabled=false, locationContextEnabled=false, browserName=Android, takesScreenshot=true, javascriptEnabled=true, platformName=Android}]
Session ID: 4fa5155e-2636-48aa-80b1-c461da42b92c
*** Element info: {Using=id, value=com.gyanmatrix.loany:id/tvTitle}
	at org.openqa.selenium.remote.ErrorHandler.createThrowable(ErrorHandler.java:216)
	at org.openqa.selenium.remote.ErrorHandler.throwIfResponseFailed(ErrorHandler.java:168)
	at org.openqa.selenium.remote.RemoteWebDriver.execute(RemoteWebDriver.java:638)
	at io.appium.java_client.DefaultGenericMobileDriver.execute(DefaultGenericMobileDriver.java:40)
	at io.appium.java_client.AppiumDriver.execute(AppiumDriver.java:1)
	at io.appium.java_client.android.AndroidDriver.execute(AndroidDriver.java:1)
	at org.openqa.selenium.remote.RemoteWebDriver.findElement(RemoteWebDriver.java:371)
	at io.appium.java_client.DefaultGenericMobileDriver.findElement(DefaultGenericMobileDriver.java:56)
	at io.appium.java_client.AppiumDriver.findElement(AppiumDriver.java:1)
	at io.appium.java_client.android.AndroidDriver.findElement(AndroidDriver.java:1)
	at org.openqa.selenium.remote.RemoteWebDriver.findElementById(RemoteWebDriver.java:420)
	at io.appium.java_client.DefaultGenericMobileDriver.findElementById(DefaultGenericMobileDriver.java:64)
	at io.appium.java_client.AppiumDriver.findElementById(AppiumDriver.java:1)
	at io.appium.java_client.android.AndroidDriver.findElementById(AndroidDriver.java:1)
	at org.openqa.selenium.By$ById.findElement(By.java:218)
	at org.openqa.selenium.remote.RemoteWebDriver.findElement(RemoteWebDriver.java:363)
	at io.appium.java_client.DefaultGenericMobileDriver.findElement(DefaultGenericMobileDriver.java:52)
	at io.appium.java_client.AppiumDriver.findElement(AppiumDriver.java:1)
	at io.appium.java_client.android.AndroidDriver.findElement(AndroidDriver.java:1)
	at com.loany.obj.Signup.ObjSeekerSignUp.IsHeaderEMIScreenShowing(ObjSeekerSignUp.java:1399)
	at com.loany.test.Signup.SeekerSignUp.EMIScreen(SeekerSignUp.java:320)
... Removed 29 stack frames]]>
    </failure>
  </testcase> <!-- EMIScreen -->
</testsuite> <!-- Seeker SignUp -->
