<?xml version="1.0" encoding="UTF-8"?>
<!-- Generated by org.testng.reporters.JUnitXMLReporter -->
<testsuite hostname="DESKTOP-V3NB9Q4" ignored="0" name="SeekerSignUp" tests="10" failures="0" timestamp="28 Jun 2017 03:21:15 GMT" time="133.349" errors="0">
  <testcase name="Welcomescreens" time="17.776" classname="com.loany.test.Signup.SeekerSignUp"/>
  <testcase name="mobileNumberScreen" time="12.732" classname="com.loany.test.Signup.SeekerSignUp"/>
  <testcase name="VerifyPIN" time="21.753" classname="com.loany.test.Signup.SeekerSignUp"/>
  <testcase name="AboutMeScreen" time="17.11" classname="com.loany.test.Signup.SeekerSignUp"/>
  <testcase name="LocationScreen" time="3.402" classname="com.loany.test.Signup.SeekerSignUp"/>
  <testcase name="LoanType" time="16.754" classname="com.loany.test.Signup.SeekerSignUp"/>
  <testcase name="LoanAmount" time="2.172" classname="com.loany.test.Signup.SeekerSignUp"/>
  <testcase name="ProfessionScreen" time="6.922" classname="com.loany.test.Signup.SeekerSignUp"/>
  <testcase name="MonthlySalarySrc" time="3.695" classname="com.loany.test.Signup.SeekerSignUp"/>
  <testcase name="EMIScreen" time="2.538" classname="com.loany.test.Signup.SeekerSignUp"/>
</testsuite> <!-- SeekerSignUp -->
